INFO - 2024-12-29 09:31:52 --> Session: Class initialized using 'CodeIgniter\Session\Handlers\FileHandler' driver.
INFO - 2024-12-29 09:32:10 --> Session: Class initialized using 'CodeIgniter\Session\Handlers\FileHandler' driver.
INFO - 2024-12-29 09:32:12 --> Session: Class initialized using 'CodeIgniter\Session\Handlers\FileHandler' driver.
INFO - 2024-12-29 09:32:13 --> Session: Class initialized using 'CodeIgniter\Session\Handlers\FileHandler' driver.
INFO - 2024-12-29 09:32:16 --> Session: Class initialized using 'CodeIgniter\Session\Handlers\FileHandler' driver.
INFO - 2024-12-29 09:32:20 --> Session: Class initialized using 'CodeIgniter\Session\Handlers\FileHandler' driver.
INFO - 2024-12-29 09:32:29 --> Session: Class initialized using 'CodeIgniter\Session\Handlers\FileHandler' driver.
INFO - 2024-12-29 09:32:29 --> Session: Class initialized using 'CodeIgniter\Session\Handlers\FileHandler' driver.
INFO - 2024-12-29 09:32:37 --> Session: Class initialized using 'CodeIgniter\Session\Handlers\FileHandler' driver.
INFO - 2024-12-29 09:32:38 --> Session: Class initialized using 'CodeIgniter\Session\Handlers\FileHandler' driver.
INFO - 2024-12-29 09:32:40 --> Session: Class initialized using 'CodeIgniter\Session\Handlers\FileHandler' driver.
INFO - 2024-12-29 09:32:42 --> Session: Class initialized using 'CodeIgniter\Session\Handlers\FileHandler' driver.
INFO - 2024-12-29 09:32:44 --> Session: Class initialized using 'CodeIgniter\Session\Handlers\FileHandler' driver.
INFO - 2024-12-29 09:32:52 --> Session: Class initialized using 'CodeIgniter\Session\Handlers\FileHandler' driver.
INFO - 2024-12-29 09:33:37 --> Session: Class initialized using 'CodeIgniter\Session\Handlers\FileHandler' driver.
INFO - 2024-12-29 09:33:37 --> Session: Class initialized using 'CodeIgniter\Session\Handlers\FileHandler' driver.
INFO - 2024-12-29 09:33:41 --> Session: Class initialized using 'CodeIgniter\Session\Handlers\FileHandler' driver.
INFO - 2024-12-29 09:33:42 --> Session: Class initialized using 'CodeIgniter\Session\Handlers\FileHandler' driver.
INFO - 2024-12-29 09:33:46 --> Session: Class initialized using 'CodeIgniter\Session\Handlers\FileHandler' driver.
INFO - 2024-12-29 09:33:47 --> Session: Class initialized using 'CodeIgniter\Session\Handlers\FileHandler' driver.
INFO - 2024-12-29 09:33:49 --> Session: Class initialized using 'CodeIgniter\Session\Handlers\FileHandler' driver.
INFO - 2024-12-29 09:33:52 --> Session: Class initialized using 'CodeIgniter\Session\Handlers\FileHandler' driver.
INFO - 2024-12-29 09:33:55 --> Session: Class initialized using 'CodeIgniter\Session\Handlers\FileHandler' driver.
INFO - 2024-12-29 09:44:03 --> Session: Class initialized using 'CodeIgniter\Session\Handlers\FileHandler' driver.
INFO - 2024-12-29 09:44:10 --> Session: Class initialized using 'CodeIgniter\Session\Handlers\FileHandler' driver.
INFO - 2024-12-29 09:48:44 --> Session: Class initialized using 'CodeIgniter\Session\Handlers\FileHandler' driver.
INFO - 2024-12-29 09:50:36 --> Session: Class initialized using 'CodeIgniter\Session\Handlers\FileHandler' driver.
INFO - 2024-12-29 09:50:42 --> Session: Class initialized using 'CodeIgniter\Session\Handlers\FileHandler' driver.
INFO - 2024-12-29 09:50:44 --> Session: Class initialized using 'CodeIgniter\Session\Handlers\FileHandler' driver.
INFO - 2024-12-29 09:58:09 --> Session: Class initialized using 'CodeIgniter\Session\Handlers\FileHandler' driver.
CRITICAL - 2024-12-29 09:58:09 --> ErrorException: Undefined array key "nama_pasien"
[Method: GET, Route: pasien/daftar-poli]
in APPPATH\Views\pasien\daftar_poli\index.php on line 37.
 1 APPPATH\Views\pasien\daftar_poli\index.php(37): CodeIgniter\Debug\Exceptions->errorHandler(2, 'Undefined array key "nama_pasien"', 'C:\\Users\\fendy\\Documents\\GitHub\\Appointment_system\\app\\Views\\pasien\\daftar_poli\\index.php', 37)
 2 SYSTEMPATH\View\View.php(234): include('C:\\Users\\fendy\\Documents\\GitHub\\Appointment_system\\app\\Views\\pasien\\daftar_poli\\index.php')
 3 SYSTEMPATH\View\View.php(237): CodeIgniter\View\View->CodeIgniter\View\{closure}()
 4 SYSTEMPATH\Common.php(1171): CodeIgniter\View\View->render('pasien/daftar_poli/index', [], true)
 5 APPPATH\Controllers\PasienController.php(141): view('pasien/daftar_poli/index', [...])
 6 SYSTEMPATH\CodeIgniter.php(933): App\Controllers\PasienController->daftarPoli()
 7 SYSTEMPATH\CodeIgniter.php(509): CodeIgniter\CodeIgniter->runController(Object(App\Controllers\PasienController))
 8 SYSTEMPATH\CodeIgniter.php(355): CodeIgniter\CodeIgniter->handleRequest(null, Object(Config\Cache), false)
 9 SYSTEMPATH\Boot.php(325): CodeIgniter\CodeIgniter->run()
10 SYSTEMPATH\Boot.php(67): CodeIgniter\Boot::runCodeIgniter(Object(CodeIgniter\CodeIgniter))
11 FCPATH\index.php(56): CodeIgniter\Boot::bootWeb(Object(Config\Paths))
12 SYSTEMPATH\rewrite.php(44): require_once('C:\\Users\\fendy\\Documents\\GitHub\\Appointment_system\\public\\index.php')
INFO - 2024-12-29 10:03:40 --> Session: Class initialized using 'CodeIgniter\Session\Handlers\FileHandler' driver.
ERROR - 2024-12-29 10:03:40 --> mysqli_sql_exception: Unknown column 'CASE WHEN periksa.id IS NOT NULL THEN "Sudah Diperiksa" ELSE "Belum Diperiksa" END' in 'field list' in C:\Users\fendy\Documents\GitHub\Appointment_system\system\Database\MySQLi\Connection.php:312
Stack trace:
#0 C:\Users\fendy\Documents\GitHub\Appointment_system\system\Database\MySQLi\Connection.php(312): mysqli->query('SELECT `daftar_...', 0)
#1 C:\Users\fendy\Documents\GitHub\Appointment_system\system\Database\BaseConnection.php(734): CodeIgniter\Database\MySQLi\Connection->execute('SELECT `daftar_...')
#2 C:\Users\fendy\Documents\GitHub\Appointment_system\system\Database\BaseConnection.php(648): CodeIgniter\Database\BaseConnection->simpleQuery('SELECT `daftar_...')
#3 C:\Users\fendy\Documents\GitHub\Appointment_system\system\Database\BaseBuilder.php(1644): CodeIgniter\Database\BaseConnection->query('SELECT `daftar_...', Array, false)
#4 C:\Users\fendy\Documents\GitHub\Appointment_system\system\Model.php(286): CodeIgniter\Database\BaseBuilder->get()
#5 C:\Users\fendy\Documents\GitHub\Appointment_system\system\BaseModel.php(676): CodeIgniter\Model->doFindAll(10, 0)
#6 C:\Users\fendy\Documents\GitHub\Appointment_system\system\BaseModel.php(1288): CodeIgniter\BaseModel->findAll(10, 0)
#7 C:\Users\fendy\Documents\GitHub\Appointment_system\app\Controllers\PasienController.php(142): CodeIgniter\BaseModel->paginate(10)
#8 C:\Users\fendy\Documents\GitHub\Appointment_system\system\CodeIgniter.php(933): App\Controllers\PasienController->daftarPoli()
#9 C:\Users\fendy\Documents\GitHub\Appointment_system\system\CodeIgniter.php(509): CodeIgniter\CodeIgniter->runController(Object(App\Controllers\PasienController))
#10 C:\Users\fendy\Documents\GitHub\Appointment_system\system\CodeIgniter.php(355): CodeIgniter\CodeIgniter->handleRequest(NULL, Object(Config\Cache), false)
#11 C:\Users\fendy\Documents\GitHub\Appointment_system\system\Boot.php(325): CodeIgniter\CodeIgniter->run()
#12 C:\Users\fendy\Documents\GitHub\Appointment_system\system\Boot.php(67): CodeIgniter\Boot::runCodeIgniter(Object(CodeIgniter\CodeIgniter))
#13 C:\Users\fendy\Documents\GitHub\Appointment_system\public\index.php(56): CodeIgniter\Boot::bootWeb(Object(Config\Paths))
#14 C:\Users\fendy\Documents\GitHub\Appointment_system\system\rewrite.php(44): require_once('C:\\Users\\fendy\\...')
#15 {main}
CRITICAL - 2024-12-29 10:03:40 --> CodeIgniter\Database\Exceptions\DatabaseException: Unknown column 'CASE WHEN periksa.id IS NOT NULL THEN "Sudah Diperiksa" ELSE "Belum Diperiksa" END' in 'field list'
[Method: GET, Route: pasien/daftar-poli]
in SYSTEMPATH\Database\BaseConnection.php on line 688.
 1 SYSTEMPATH\Database\BaseBuilder.php(1644): CodeIgniter\Database\BaseConnection->query('SELECT `daftar_poli`.*, `jadwal_periksa`.`hari`, `jadwal_periksa`.`jam_mulai`, `jadwal_periksa`.`jam_selesai`, `dokter`.`nama` AS `nama_dokter`, `poli`.`nama_poli`, `CASE WHEN periksa`.`id IS NOT NULL THEN "Sudah Diperiksa" ELSE "Belum Diperiksa" END` AS `status_periksa`
FROM `daftar_poli`
LEFT JOIN `jadwal_periksa` ON `jadwal_periksa`.`id` = `daftar_poli`.`id_jadwal`
LEFT JOIN `dokter` ON `dokter`.`id` = `jadwal_periksa`.`id_dokter`
LEFT JOIN `poli` ON `poli`.`id` = `daftar_poli`.`id_poli`
LEFT JOIN `periksa` ON `periksa`.`id_daftar_poli` = `daftar_poli`.`id`
WHERE `daftar_poli`.`id_pasien` = :daftar_poli.id_pasien:
 LIMIT 10', [...], false)
 2 SYSTEMPATH\Model.php(286): CodeIgniter\Database\BaseBuilder->get()
 3 SYSTEMPATH\BaseModel.php(676): CodeIgniter\Model->doFindAll(10, 0)
 4 SYSTEMPATH\BaseModel.php(1288): CodeIgniter\BaseModel->findAll(10, 0)
 5 APPPATH\Controllers\PasienController.php(142): CodeIgniter\BaseModel->paginate(10)
 6 SYSTEMPATH\CodeIgniter.php(933): App\Controllers\PasienController->daftarPoli()
 7 SYSTEMPATH\CodeIgniter.php(509): CodeIgniter\CodeIgniter->runController(Object(App\Controllers\PasienController))
 8 SYSTEMPATH\CodeIgniter.php(355): CodeIgniter\CodeIgniter->handleRequest(null, Object(Config\Cache), false)
 9 SYSTEMPATH\Boot.php(325): CodeIgniter\CodeIgniter->run()
10 SYSTEMPATH\Boot.php(67): CodeIgniter\Boot::runCodeIgniter(Object(CodeIgniter\CodeIgniter))
11 FCPATH\index.php(56): CodeIgniter\Boot::bootWeb(Object(Config\Paths))
12 SYSTEMPATH\rewrite.php(44): require_once('C:\\Users\\fendy\\Documents\\GitHub\\Appointment_system\\public\\index.php')
CRITICAL - 2024-12-29 10:03:40 --> [Caused by] CodeIgniter\Database\Exceptions\DatabaseException: Unknown column 'CASE WHEN periksa.id IS NOT NULL THEN "Sudah Diperiksa" ELSE "Belum Diperiksa" END' in 'field list'
in SYSTEMPATH\Database\MySQLi\Connection.php on line 317.
 1 SYSTEMPATH\Database\BaseConnection.php(734): CodeIgniter\Database\MySQLi\Connection->execute('SELECT `daftar_poli`.*, `jadwal_periksa`.`hari`, `jadwal_periksa`.`jam_mulai`, `jadwal_periksa`.`jam_selesai`, `dokter`.`nama` AS `nama_dokter`, `poli`.`nama_poli`, `CASE WHEN periksa`.`id IS NOT NULL THEN "Sudah Diperiksa" ELSE "Belum Diperiksa" END` AS `status_periksa`
FROM `daftar_poli`
LEFT JOIN `jadwal_periksa` ON `jadwal_periksa`.`id` = `daftar_poli`.`id_jadwal`
LEFT JOIN `dokter` ON `dokter`.`id` = `jadwal_periksa`.`id_dokter`
LEFT JOIN `poli` ON `poli`.`id` = `daftar_poli`.`id_poli`
LEFT JOIN `periksa` ON `periksa`.`id_daftar_poli` = `daftar_poli`.`id`
WHERE `daftar_poli`.`id_pasien` = \'1\'
 LIMIT 10')
 2 SYSTEMPATH\Database\BaseConnection.php(648): CodeIgniter\Database\BaseConnection->simpleQuery('SELECT `daftar_poli`.*, `jadwal_periksa`.`hari`, `jadwal_periksa`.`jam_mulai`, `jadwal_periksa`.`jam_selesai`, `dokter`.`nama` AS `nama_dokter`, `poli`.`nama_poli`, `CASE WHEN periksa`.`id IS NOT NULL THEN "Sudah Diperiksa" ELSE "Belum Diperiksa" END` AS `status_periksa`
FROM `daftar_poli`
LEFT JOIN `jadwal_periksa` ON `jadwal_periksa`.`id` = `daftar_poli`.`id_jadwal`
LEFT JOIN `dokter` ON `dokter`.`id` = `jadwal_periksa`.`id_dokter`
LEFT JOIN `poli` ON `poli`.`id` = `daftar_poli`.`id_poli`
LEFT JOIN `periksa` ON `periksa`.`id_daftar_poli` = `daftar_poli`.`id`
WHERE `daftar_poli`.`id_pasien` = \'1\'
 LIMIT 10')
 3 SYSTEMPATH\Database\BaseBuilder.php(1644): CodeIgniter\Database\BaseConnection->query('SELECT `daftar_poli`.*, `jadwal_periksa`.`hari`, `jadwal_periksa`.`jam_mulai`, `jadwal_periksa`.`jam_selesai`, `dokter`.`nama` AS `nama_dokter`, `poli`.`nama_poli`, `CASE WHEN periksa`.`id IS NOT NULL THEN "Sudah Diperiksa" ELSE "Belum Diperiksa" END` AS `status_periksa`
FROM `daftar_poli`
LEFT JOIN `jadwal_periksa` ON `jadwal_periksa`.`id` = `daftar_poli`.`id_jadwal`
LEFT JOIN `dokter` ON `dokter`.`id` = `jadwal_periksa`.`id_dokter`
LEFT JOIN `poli` ON `poli`.`id` = `daftar_poli`.`id_poli`
LEFT JOIN `periksa` ON `periksa`.`id_daftar_poli` = `daftar_poli`.`id`
WHERE `daftar_poli`.`id_pasien` = :daftar_poli.id_pasien:
 LIMIT 10', [...], false)
 4 SYSTEMPATH\Model.php(286): CodeIgniter\Database\BaseBuilder->get()
 5 SYSTEMPATH\BaseModel.php(676): CodeIgniter\Model->doFindAll(10, 0)
 6 SYSTEMPATH\BaseModel.php(1288): CodeIgniter\BaseModel->findAll(10, 0)
 7 APPPATH\Controllers\PasienController.php(142): CodeIgniter\BaseModel->paginate(10)
 8 SYSTEMPATH\CodeIgniter.php(933): App\Controllers\PasienController->daftarPoli()
 9 SYSTEMPATH\CodeIgniter.php(509): CodeIgniter\CodeIgniter->runController(Object(App\Controllers\PasienController))
10 SYSTEMPATH\CodeIgniter.php(355): CodeIgniter\CodeIgniter->handleRequest(null, Object(Config\Cache), false)
11 SYSTEMPATH\Boot.php(325): CodeIgniter\CodeIgniter->run()
12 SYSTEMPATH\Boot.php(67): CodeIgniter\Boot::runCodeIgniter(Object(CodeIgniter\CodeIgniter))
13 FCPATH\index.php(56): CodeIgniter\Boot::bootWeb(Object(Config\Paths))
14 SYSTEMPATH\rewrite.php(44): require_once('C:\\Users\\fendy\\Documents\\GitHub\\Appointment_system\\public\\index.php')
CRITICAL - 2024-12-29 10:03:40 --> [Caused by] mysqli_sql_exception: Unknown column 'CASE WHEN periksa.id IS NOT NULL THEN "Sudah Diperiksa" ELSE "Belum Diperiksa" END' in 'field list'
in SYSTEMPATH\Database\MySQLi\Connection.php on line 312.
 1 SYSTEMPATH\Database\MySQLi\Connection.php(312): mysqli->query('SELECT `daftar_poli`.*, `jadwal_periksa`.`hari`, `jadwal_periksa`.`jam_mulai`, `jadwal_periksa`.`jam_selesai`, `dokter`.`nama` AS `nama_dokter`, `poli`.`nama_poli`, `CASE WHEN periksa`.`id IS NOT NULL THEN "Sudah Diperiksa" ELSE "Belum Diperiksa" END` AS `status_periksa`
FROM `daftar_poli`
LEFT JOIN `jadwal_periksa` ON `jadwal_periksa`.`id` = `daftar_poli`.`id_jadwal`
LEFT JOIN `dokter` ON `dokter`.`id` = `jadwal_periksa`.`id_dokter`
LEFT JOIN `poli` ON `poli`.`id` = `daftar_poli`.`id_poli`
LEFT JOIN `periksa` ON `periksa`.`id_daftar_poli` = `daftar_poli`.`id`
WHERE `daftar_poli`.`id_pasien` = \'1\'
 LIMIT 10', 0)
 2 SYSTEMPATH\Database\BaseConnection.php(734): CodeIgniter\Database\MySQLi\Connection->execute('SELECT `daftar_poli`.*, `jadwal_periksa`.`hari`, `jadwal_periksa`.`jam_mulai`, `jadwal_periksa`.`jam_selesai`, `dokter`.`nama` AS `nama_dokter`, `poli`.`nama_poli`, `CASE WHEN periksa`.`id IS NOT NULL THEN "Sudah Diperiksa" ELSE "Belum Diperiksa" END` AS `status_periksa`
FROM `daftar_poli`
LEFT JOIN `jadwal_periksa` ON `jadwal_periksa`.`id` = `daftar_poli`.`id_jadwal`
LEFT JOIN `dokter` ON `dokter`.`id` = `jadwal_periksa`.`id_dokter`
LEFT JOIN `poli` ON `poli`.`id` = `daftar_poli`.`id_poli`
LEFT JOIN `periksa` ON `periksa`.`id_daftar_poli` = `daftar_poli`.`id`
WHERE `daftar_poli`.`id_pasien` = \'1\'
 LIMIT 10')
 3 SYSTEMPATH\Database\BaseConnection.php(648): CodeIgniter\Database\BaseConnection->simpleQuery('SELECT `daftar_poli`.*, `jadwal_periksa`.`hari`, `jadwal_periksa`.`jam_mulai`, `jadwal_periksa`.`jam_selesai`, `dokter`.`nama` AS `nama_dokter`, `poli`.`nama_poli`, `CASE WHEN periksa`.`id IS NOT NULL THEN "Sudah Diperiksa" ELSE "Belum Diperiksa" END` AS `status_periksa`
FROM `daftar_poli`
LEFT JOIN `jadwal_periksa` ON `jadwal_periksa`.`id` = `daftar_poli`.`id_jadwal`
LEFT JOIN `dokter` ON `dokter`.`id` = `jadwal_periksa`.`id_dokter`
LEFT JOIN `poli` ON `poli`.`id` = `daftar_poli`.`id_poli`
LEFT JOIN `periksa` ON `periksa`.`id_daftar_poli` = `daftar_poli`.`id`
WHERE `daftar_poli`.`id_pasien` = \'1\'
 LIMIT 10')
 4 SYSTEMPATH\Database\BaseBuilder.php(1644): CodeIgniter\Database\BaseConnection->query('SELECT `daftar_poli`.*, `jadwal_periksa`.`hari`, `jadwal_periksa`.`jam_mulai`, `jadwal_periksa`.`jam_selesai`, `dokter`.`nama` AS `nama_dokter`, `poli`.`nama_poli`, `CASE WHEN periksa`.`id IS NOT NULL THEN "Sudah Diperiksa" ELSE "Belum Diperiksa" END` AS `status_periksa`
FROM `daftar_poli`
LEFT JOIN `jadwal_periksa` ON `jadwal_periksa`.`id` = `daftar_poli`.`id_jadwal`
LEFT JOIN `dokter` ON `dokter`.`id` = `jadwal_periksa`.`id_dokter`
LEFT JOIN `poli` ON `poli`.`id` = `daftar_poli`.`id_poli`
LEFT JOIN `periksa` ON `periksa`.`id_daftar_poli` = `daftar_poli`.`id`
WHERE `daftar_poli`.`id_pasien` = :daftar_poli.id_pasien:
 LIMIT 10', [...], false)
 5 SYSTEMPATH\Model.php(286): CodeIgniter\Database\BaseBuilder->get()
 6 SYSTEMPATH\BaseModel.php(676): CodeIgniter\Model->doFindAll(10, 0)
 7 SYSTEMPATH\BaseModel.php(1288): CodeIgniter\BaseModel->findAll(10, 0)
 8 APPPATH\Controllers\PasienController.php(142): CodeIgniter\BaseModel->paginate(10)
 9 SYSTEMPATH\CodeIgniter.php(933): App\Controllers\PasienController->daftarPoli()
10 SYSTEMPATH\CodeIgniter.php(509): CodeIgniter\CodeIgniter->runController(Object(App\Controllers\PasienController))
11 SYSTEMPATH\CodeIgniter.php(355): CodeIgniter\CodeIgniter->handleRequest(null, Object(Config\Cache), false)
12 SYSTEMPATH\Boot.php(325): CodeIgniter\CodeIgniter->run()
13 SYSTEMPATH\Boot.php(67): CodeIgniter\Boot::runCodeIgniter(Object(CodeIgniter\CodeIgniter))
14 FCPATH\index.php(56): CodeIgniter\Boot::bootWeb(Object(Config\Paths))
15 SYSTEMPATH\rewrite.php(44): require_once('C:\\Users\\fendy\\Documents\\GitHub\\Appointment_system\\public\\index.php')
INFO - 2024-12-29 10:03:42 --> Session: Class initialized using 'CodeIgniter\Session\Handlers\FileHandler' driver.
ERROR - 2024-12-29 10:03:43 --> mysqli_sql_exception: Unknown column 'CASE WHEN periksa.id IS NOT NULL THEN "Sudah Diperiksa" ELSE "Belum Diperiksa" END' in 'field list' in C:\Users\fendy\Documents\GitHub\Appointment_system\system\Database\MySQLi\Connection.php:312
Stack trace:
#0 C:\Users\fendy\Documents\GitHub\Appointment_system\system\Database\MySQLi\Connection.php(312): mysqli->query('SELECT `daftar_...', 0)
#1 C:\Users\fendy\Documents\GitHub\Appointment_system\system\Database\BaseConnection.php(734): CodeIgniter\Database\MySQLi\Connection->execute('SELECT `daftar_...')
#2 C:\Users\fendy\Documents\GitHub\Appointment_system\system\Database\BaseConnection.php(648): CodeIgniter\Database\BaseConnection->simpleQuery('SELECT `daftar_...')
#3 C:\Users\fendy\Documents\GitHub\Appointment_system\system\Database\BaseBuilder.php(1644): CodeIgniter\Database\BaseConnection->query('SELECT `daftar_...', Array, false)
#4 C:\Users\fendy\Documents\GitHub\Appointment_system\system\Model.php(286): CodeIgniter\Database\BaseBuilder->get()
#5 C:\Users\fendy\Documents\GitHub\Appointment_system\system\BaseModel.php(676): CodeIgniter\Model->doFindAll(10, 0)
#6 C:\Users\fendy\Documents\GitHub\Appointment_system\system\BaseModel.php(1288): CodeIgniter\BaseModel->findAll(10, 0)
#7 C:\Users\fendy\Documents\GitHub\Appointment_system\app\Controllers\PasienController.php(142): CodeIgniter\BaseModel->paginate(10)
#8 C:\Users\fendy\Documents\GitHub\Appointment_system\system\CodeIgniter.php(933): App\Controllers\PasienController->daftarPoli()
#9 C:\Users\fendy\Documents\GitHub\Appointment_system\system\CodeIgniter.php(509): CodeIgniter\CodeIgniter->runController(Object(App\Controllers\PasienController))
#10 C:\Users\fendy\Documents\GitHub\Appointment_system\system\CodeIgniter.php(355): CodeIgniter\CodeIgniter->handleRequest(NULL, Object(Config\Cache), false)
#11 C:\Users\fendy\Documents\GitHub\Appointment_system\system\Boot.php(325): CodeIgniter\CodeIgniter->run()
#12 C:\Users\fendy\Documents\GitHub\Appointment_system\system\Boot.php(67): CodeIgniter\Boot::runCodeIgniter(Object(CodeIgniter\CodeIgniter))
#13 C:\Users\fendy\Documents\GitHub\Appointment_system\public\index.php(56): CodeIgniter\Boot::bootWeb(Object(Config\Paths))
#14 C:\Users\fendy\Documents\GitHub\Appointment_system\system\rewrite.php(44): require_once('C:\\Users\\fendy\\...')
#15 {main}
CRITICAL - 2024-12-29 10:03:43 --> CodeIgniter\Database\Exceptions\DatabaseException: Unknown column 'CASE WHEN periksa.id IS NOT NULL THEN "Sudah Diperiksa" ELSE "Belum Diperiksa" END' in 'field list'
[Method: GET, Route: pasien/daftar-poli]
in SYSTEMPATH\Database\BaseConnection.php on line 688.
 1 SYSTEMPATH\Database\BaseBuilder.php(1644): CodeIgniter\Database\BaseConnection->query('SELECT `daftar_poli`.*, `jadwal_periksa`.`hari`, `jadwal_periksa`.`jam_mulai`, `jadwal_periksa`.`jam_selesai`, `dokter`.`nama` AS `nama_dokter`, `poli`.`nama_poli`, `CASE WHEN periksa`.`id IS NOT NULL THEN "Sudah Diperiksa" ELSE "Belum Diperiksa" END` AS `status_periksa`
FROM `daftar_poli`
LEFT JOIN `jadwal_periksa` ON `jadwal_periksa`.`id` = `daftar_poli`.`id_jadwal`
LEFT JOIN `dokter` ON `dokter`.`id` = `jadwal_periksa`.`id_dokter`
LEFT JOIN `poli` ON `poli`.`id` = `daftar_poli`.`id_poli`
LEFT JOIN `periksa` ON `periksa`.`id_daftar_poli` = `daftar_poli`.`id`
WHERE `daftar_poli`.`id_pasien` = :daftar_poli.id_pasien:
 LIMIT 10', [...], false)
 2 SYSTEMPATH\Model.php(286): CodeIgniter\Database\BaseBuilder->get()
 3 SYSTEMPATH\BaseModel.php(676): CodeIgniter\Model->doFindAll(10, 0)
 4 SYSTEMPATH\BaseModel.php(1288): CodeIgniter\BaseModel->findAll(10, 0)
 5 APPPATH\Controllers\PasienController.php(142): CodeIgniter\BaseModel->paginate(10)
 6 SYSTEMPATH\CodeIgniter.php(933): App\Controllers\PasienController->daftarPoli()
 7 SYSTEMPATH\CodeIgniter.php(509): CodeIgniter\CodeIgniter->runController(Object(App\Controllers\PasienController))
 8 SYSTEMPATH\CodeIgniter.php(355): CodeIgniter\CodeIgniter->handleRequest(null, Object(Config\Cache), false)
 9 SYSTEMPATH\Boot.php(325): CodeIgniter\CodeIgniter->run()
10 SYSTEMPATH\Boot.php(67): CodeIgniter\Boot::runCodeIgniter(Object(CodeIgniter\CodeIgniter))
11 FCPATH\index.php(56): CodeIgniter\Boot::bootWeb(Object(Config\Paths))
12 SYSTEMPATH\rewrite.php(44): require_once('C:\\Users\\fendy\\Documents\\GitHub\\Appointment_system\\public\\index.php')
CRITICAL - 2024-12-29 10:03:43 --> [Caused by] CodeIgniter\Database\Exceptions\DatabaseException: Unknown column 'CASE WHEN periksa.id IS NOT NULL THEN "Sudah Diperiksa" ELSE "Belum Diperiksa" END' in 'field list'
in SYSTEMPATH\Database\MySQLi\Connection.php on line 317.
 1 SYSTEMPATH\Database\BaseConnection.php(734): CodeIgniter\Database\MySQLi\Connection->execute('SELECT `daftar_poli`.*, `jadwal_periksa`.`hari`, `jadwal_periksa`.`jam_mulai`, `jadwal_periksa`.`jam_selesai`, `dokter`.`nama` AS `nama_dokter`, `poli`.`nama_poli`, `CASE WHEN periksa`.`id IS NOT NULL THEN "Sudah Diperiksa" ELSE "Belum Diperiksa" END` AS `status_periksa`
FROM `daftar_poli`
LEFT JOIN `jadwal_periksa` ON `jadwal_periksa`.`id` = `daftar_poli`.`id_jadwal`
LEFT JOIN `dokter` ON `dokter`.`id` = `jadwal_periksa`.`id_dokter`
LEFT JOIN `poli` ON `poli`.`id` = `daftar_poli`.`id_poli`
LEFT JOIN `periksa` ON `periksa`.`id_daftar_poli` = `daftar_poli`.`id`
WHERE `daftar_poli`.`id_pasien` = \'1\'
 LIMIT 10')
 2 SYSTEMPATH\Database\BaseConnection.php(648): CodeIgniter\Database\BaseConnection->simpleQuery('SELECT `daftar_poli`.*, `jadwal_periksa`.`hari`, `jadwal_periksa`.`jam_mulai`, `jadwal_periksa`.`jam_selesai`, `dokter`.`nama` AS `nama_dokter`, `poli`.`nama_poli`, `CASE WHEN periksa`.`id IS NOT NULL THEN "Sudah Diperiksa" ELSE "Belum Diperiksa" END` AS `status_periksa`
FROM `daftar_poli`
LEFT JOIN `jadwal_periksa` ON `jadwal_periksa`.`id` = `daftar_poli`.`id_jadwal`
LEFT JOIN `dokter` ON `dokter`.`id` = `jadwal_periksa`.`id_dokter`
LEFT JOIN `poli` ON `poli`.`id` = `daftar_poli`.`id_poli`
LEFT JOIN `periksa` ON `periksa`.`id_daftar_poli` = `daftar_poli`.`id`
WHERE `daftar_poli`.`id_pasien` = \'1\'
 LIMIT 10')
 3 SYSTEMPATH\Database\BaseBuilder.php(1644): CodeIgniter\Database\BaseConnection->query('SELECT `daftar_poli`.*, `jadwal_periksa`.`hari`, `jadwal_periksa`.`jam_mulai`, `jadwal_periksa`.`jam_selesai`, `dokter`.`nama` AS `nama_dokter`, `poli`.`nama_poli`, `CASE WHEN periksa`.`id IS NOT NULL THEN "Sudah Diperiksa" ELSE "Belum Diperiksa" END` AS `status_periksa`
FROM `daftar_poli`
LEFT JOIN `jadwal_periksa` ON `jadwal_periksa`.`id` = `daftar_poli`.`id_jadwal`
LEFT JOIN `dokter` ON `dokter`.`id` = `jadwal_periksa`.`id_dokter`
LEFT JOIN `poli` ON `poli`.`id` = `daftar_poli`.`id_poli`
LEFT JOIN `periksa` ON `periksa`.`id_daftar_poli` = `daftar_poli`.`id`
WHERE `daftar_poli`.`id_pasien` = :daftar_poli.id_pasien:
 LIMIT 10', [...], false)
 4 SYSTEMPATH\Model.php(286): CodeIgniter\Database\BaseBuilder->get()
 5 SYSTEMPATH\BaseModel.php(676): CodeIgniter\Model->doFindAll(10, 0)
 6 SYSTEMPATH\BaseModel.php(1288): CodeIgniter\BaseModel->findAll(10, 0)
 7 APPPATH\Controllers\PasienController.php(142): CodeIgniter\BaseModel->paginate(10)
 8 SYSTEMPATH\CodeIgniter.php(933): App\Controllers\PasienController->daftarPoli()
 9 SYSTEMPATH\CodeIgniter.php(509): CodeIgniter\CodeIgniter->runController(Object(App\Controllers\PasienController))
10 SYSTEMPATH\CodeIgniter.php(355): CodeIgniter\CodeIgniter->handleRequest(null, Object(Config\Cache), false)
11 SYSTEMPATH\Boot.php(325): CodeIgniter\CodeIgniter->run()
12 SYSTEMPATH\Boot.php(67): CodeIgniter\Boot::runCodeIgniter(Object(CodeIgniter\CodeIgniter))
13 FCPATH\index.php(56): CodeIgniter\Boot::bootWeb(Object(Config\Paths))
14 SYSTEMPATH\rewrite.php(44): require_once('C:\\Users\\fendy\\Documents\\GitHub\\Appointment_system\\public\\index.php')
CRITICAL - 2024-12-29 10:03:43 --> [Caused by] mysqli_sql_exception: Unknown column 'CASE WHEN periksa.id IS NOT NULL THEN "Sudah Diperiksa" ELSE "Belum Diperiksa" END' in 'field list'
in SYSTEMPATH\Database\MySQLi\Connection.php on line 312.
 1 SYSTEMPATH\Database\MySQLi\Connection.php(312): mysqli->query('SELECT `daftar_poli`.*, `jadwal_periksa`.`hari`, `jadwal_periksa`.`jam_mulai`, `jadwal_periksa`.`jam_selesai`, `dokter`.`nama` AS `nama_dokter`, `poli`.`nama_poli`, `CASE WHEN periksa`.`id IS NOT NULL THEN "Sudah Diperiksa" ELSE "Belum Diperiksa" END` AS `status_periksa`
FROM `daftar_poli`
LEFT JOIN `jadwal_periksa` ON `jadwal_periksa`.`id` = `daftar_poli`.`id_jadwal`
LEFT JOIN `dokter` ON `dokter`.`id` = `jadwal_periksa`.`id_dokter`
LEFT JOIN `poli` ON `poli`.`id` = `daftar_poli`.`id_poli`
LEFT JOIN `periksa` ON `periksa`.`id_daftar_poli` = `daftar_poli`.`id`
WHERE `daftar_poli`.`id_pasien` = \'1\'
 LIMIT 10', 0)
 2 SYSTEMPATH\Database\BaseConnection.php(734): CodeIgniter\Database\MySQLi\Connection->execute('SELECT `daftar_poli`.*, `jadwal_periksa`.`hari`, `jadwal_periksa`.`jam_mulai`, `jadwal_periksa`.`jam_selesai`, `dokter`.`nama` AS `nama_dokter`, `poli`.`nama_poli`, `CASE WHEN periksa`.`id IS NOT NULL THEN "Sudah Diperiksa" ELSE "Belum Diperiksa" END` AS `status_periksa`
FROM `daftar_poli`
LEFT JOIN `jadwal_periksa` ON `jadwal_periksa`.`id` = `daftar_poli`.`id_jadwal`
LEFT JOIN `dokter` ON `dokter`.`id` = `jadwal_periksa`.`id_dokter`
LEFT JOIN `poli` ON `poli`.`id` = `daftar_poli`.`id_poli`
LEFT JOIN `periksa` ON `periksa`.`id_daftar_poli` = `daftar_poli`.`id`
WHERE `daftar_poli`.`id_pasien` = \'1\'
 LIMIT 10')
 3 SYSTEMPATH\Database\BaseConnection.php(648): CodeIgniter\Database\BaseConnection->simpleQuery('SELECT `daftar_poli`.*, `jadwal_periksa`.`hari`, `jadwal_periksa`.`jam_mulai`, `jadwal_periksa`.`jam_selesai`, `dokter`.`nama` AS `nama_dokter`, `poli`.`nama_poli`, `CASE WHEN periksa`.`id IS NOT NULL THEN "Sudah Diperiksa" ELSE "Belum Diperiksa" END` AS `status_periksa`
FROM `daftar_poli`
LEFT JOIN `jadwal_periksa` ON `jadwal_periksa`.`id` = `daftar_poli`.`id_jadwal`
LEFT JOIN `dokter` ON `dokter`.`id` = `jadwal_periksa`.`id_dokter`
LEFT JOIN `poli` ON `poli`.`id` = `daftar_poli`.`id_poli`
LEFT JOIN `periksa` ON `periksa`.`id_daftar_poli` = `daftar_poli`.`id`
WHERE `daftar_poli`.`id_pasien` = \'1\'
 LIMIT 10')
 4 SYSTEMPATH\Database\BaseBuilder.php(1644): CodeIgniter\Database\BaseConnection->query('SELECT `daftar_poli`.*, `jadwal_periksa`.`hari`, `jadwal_periksa`.`jam_mulai`, `jadwal_periksa`.`jam_selesai`, `dokter`.`nama` AS `nama_dokter`, `poli`.`nama_poli`, `CASE WHEN periksa`.`id IS NOT NULL THEN "Sudah Diperiksa" ELSE "Belum Diperiksa" END` AS `status_periksa`
FROM `daftar_poli`
LEFT JOIN `jadwal_periksa` ON `jadwal_periksa`.`id` = `daftar_poli`.`id_jadwal`
LEFT JOIN `dokter` ON `dokter`.`id` = `jadwal_periksa`.`id_dokter`
LEFT JOIN `poli` ON `poli`.`id` = `daftar_poli`.`id_poli`
LEFT JOIN `periksa` ON `periksa`.`id_daftar_poli` = `daftar_poli`.`id`
WHERE `daftar_poli`.`id_pasien` = :daftar_poli.id_pasien:
 LIMIT 10', [...], false)
 5 SYSTEMPATH\Model.php(286): CodeIgniter\Database\BaseBuilder->get()
 6 SYSTEMPATH\BaseModel.php(676): CodeIgniter\Model->doFindAll(10, 0)
 7 SYSTEMPATH\BaseModel.php(1288): CodeIgniter\BaseModel->findAll(10, 0)
 8 APPPATH\Controllers\PasienController.php(142): CodeIgniter\BaseModel->paginate(10)
 9 SYSTEMPATH\CodeIgniter.php(933): App\Controllers\PasienController->daftarPoli()
10 SYSTEMPATH\CodeIgniter.php(509): CodeIgniter\CodeIgniter->runController(Object(App\Controllers\PasienController))
11 SYSTEMPATH\CodeIgniter.php(355): CodeIgniter\CodeIgniter->handleRequest(null, Object(Config\Cache), false)
12 SYSTEMPATH\Boot.php(325): CodeIgniter\CodeIgniter->run()
13 SYSTEMPATH\Boot.php(67): CodeIgniter\Boot::runCodeIgniter(Object(CodeIgniter\CodeIgniter))
14 FCPATH\index.php(56): CodeIgniter\Boot::bootWeb(Object(Config\Paths))
15 SYSTEMPATH\rewrite.php(44): require_once('C:\\Users\\fendy\\Documents\\GitHub\\Appointment_system\\public\\index.php')
INFO - 2024-12-29 10:09:27 --> Session: Class initialized using 'CodeIgniter\Session\Handlers\FileHandler' driver.
INFO - 2024-12-29 10:09:30 --> Session: Class initialized using 'CodeIgniter\Session\Handlers\FileHandler' driver.
INFO - 2024-12-29 10:09:31 --> Session: Class initialized using 'CodeIgniter\Session\Handlers\FileHandler' driver.
INFO - 2024-12-29 10:11:16 --> Session: Class initialized using 'CodeIgniter\Session\Handlers\FileHandler' driver.
INFO - 2024-12-29 10:11:28 --> Session: Class initialized using 'CodeIgniter\Session\Handlers\FileHandler' driver.
INFO - 2024-12-29 10:11:32 --> Session: Class initialized using 'CodeIgniter\Session\Handlers\FileHandler' driver.
INFO - 2024-12-29 10:11:49 --> Session: Class initialized using 'CodeIgniter\Session\Handlers\FileHandler' driver.
INFO - 2024-12-29 10:11:49 --> Session: Class initialized using 'CodeIgniter\Session\Handlers\FileHandler' driver.
INFO - 2024-12-29 10:12:22 --> Session: Class initialized using 'CodeIgniter\Session\Handlers\FileHandler' driver.
INFO - 2024-12-29 10:12:25 --> Session: Class initialized using 'CodeIgniter\Session\Handlers\FileHandler' driver.
INFO - 2024-12-29 10:12:27 --> Session: Class initialized using 'CodeIgniter\Session\Handlers\FileHandler' driver.
INFO - 2024-12-29 10:12:30 --> Session: Class initialized using 'CodeIgniter\Session\Handlers\FileHandler' driver.
INFO - 2024-12-29 10:15:14 --> Session: Class initialized using 'CodeIgniter\Session\Handlers\FileHandler' driver.
ERROR - 2024-12-29 10:15:14 --> mysqli_sql_exception: Unknown column 'daftar_poli.created_at' in 'order clause' in C:\Users\fendy\Documents\GitHub\Appointment_system\system\Database\MySQLi\Connection.php:312
Stack trace:
#0 C:\Users\fendy\Documents\GitHub\Appointment_system\system\Database\MySQLi\Connection.php(312): mysqli->query('SELECT `daftar_...', 0)
#1 C:\Users\fendy\Documents\GitHub\Appointment_system\system\Database\BaseConnection.php(734): CodeIgniter\Database\MySQLi\Connection->execute('SELECT `daftar_...')
#2 C:\Users\fendy\Documents\GitHub\Appointment_system\system\Database\BaseConnection.php(648): CodeIgniter\Database\BaseConnection->simpleQuery('SELECT `daftar_...')
#3 C:\Users\fendy\Documents\GitHub\Appointment_system\system\Database\BaseBuilder.php(1644): CodeIgniter\Database\BaseConnection->query('SELECT `daftar_...', Array, false)
#4 C:\Users\fendy\Documents\GitHub\Appointment_system\system\Model.php(286): CodeIgniter\Database\BaseBuilder->get()
#5 C:\Users\fendy\Documents\GitHub\Appointment_system\system\BaseModel.php(676): CodeIgniter\Model->doFindAll(10, 0)
#6 C:\Users\fendy\Documents\GitHub\Appointment_system\system\BaseModel.php(1288): CodeIgniter\BaseModel->findAll(10, 0)
#7 C:\Users\fendy\Documents\GitHub\Appointment_system\app\Controllers\PasienController.php(133): CodeIgniter\BaseModel->paginate(10)
#8 C:\Users\fendy\Documents\GitHub\Appointment_system\system\CodeIgniter.php(933): App\Controllers\PasienController->daftarPoli()
#9 C:\Users\fendy\Documents\GitHub\Appointment_system\system\CodeIgniter.php(509): CodeIgniter\CodeIgniter->runController(Object(App\Controllers\PasienController))
#10 C:\Users\fendy\Documents\GitHub\Appointment_system\system\CodeIgniter.php(355): CodeIgniter\CodeIgniter->handleRequest(NULL, Object(Config\Cache), false)
#11 C:\Users\fendy\Documents\GitHub\Appointment_system\system\Boot.php(325): CodeIgniter\CodeIgniter->run()
#12 C:\Users\fendy\Documents\GitHub\Appointment_system\system\Boot.php(67): CodeIgniter\Boot::runCodeIgniter(Object(CodeIgniter\CodeIgniter))
#13 C:\Users\fendy\Documents\GitHub\Appointment_system\public\index.php(56): CodeIgniter\Boot::bootWeb(Object(Config\Paths))
#14 C:\Users\fendy\Documents\GitHub\Appointment_system\system\rewrite.php(44): require_once('C:\\Users\\fendy\\...')
#15 {main}
CRITICAL - 2024-12-29 10:15:14 --> CodeIgniter\Database\Exceptions\DatabaseException: Unknown column 'daftar_poli.created_at' in 'order clause'
[Method: GET, Route: pasien/daftar-poli]
in SYSTEMPATH\Database\BaseConnection.php on line 688.
 1 SYSTEMPATH\Database\BaseBuilder.php(1644): CodeIgniter\Database\BaseConnection->query('SELECT `daftar_poli`.*, `jadwal_periksa`.`hari`, `jadwal_periksa`.`jam_mulai`, `jadwal_periksa`.`jam_selesai`, `dokter`.`nama` AS `nama_dokter`, `poli`.`nama_poli`, (CASE WHEN periksa.id IS NOT NULL THEN "Sudah Diperiksa" ELSE "Belum Diperiksa" END) AS status_periksa
FROM `daftar_poli`
LEFT JOIN `jadwal_periksa` ON `jadwal_periksa`.`id` = `daftar_poli`.`id_jadwal`
LEFT JOIN `dokter` ON `dokter`.`id` = `jadwal_periksa`.`id_dokter`
LEFT JOIN `poli` ON `poli`.`id` = `daftar_poli`.`id_poli`
LEFT JOIN `periksa` ON `periksa`.`id_daftar_poli` = `daftar_poli`.`id`
WHERE `daftar_poli`.`id_pasien` = :daftar_poli.id_pasien:
ORDER BY `daftar_poli`.`created_at` DESC
 LIMIT 10', [...], false)
 2 SYSTEMPATH\Model.php(286): CodeIgniter\Database\BaseBuilder->get()
 3 SYSTEMPATH\BaseModel.php(676): CodeIgniter\Model->doFindAll(10, 0)
 4 SYSTEMPATH\BaseModel.php(1288): CodeIgniter\BaseModel->findAll(10, 0)
 5 APPPATH\Controllers\PasienController.php(133): CodeIgniter\BaseModel->paginate(10)
 6 SYSTEMPATH\CodeIgniter.php(933): App\Controllers\PasienController->daftarPoli()
 7 SYSTEMPATH\CodeIgniter.php(509): CodeIgniter\CodeIgniter->runController(Object(App\Controllers\PasienController))
 8 SYSTEMPATH\CodeIgniter.php(355): CodeIgniter\CodeIgniter->handleRequest(null, Object(Config\Cache), false)
 9 SYSTEMPATH\Boot.php(325): CodeIgniter\CodeIgniter->run()
10 SYSTEMPATH\Boot.php(67): CodeIgniter\Boot::runCodeIgniter(Object(CodeIgniter\CodeIgniter))
11 FCPATH\index.php(56): CodeIgniter\Boot::bootWeb(Object(Config\Paths))
12 SYSTEMPATH\rewrite.php(44): require_once('C:\\Users\\fendy\\Documents\\GitHub\\Appointment_system\\public\\index.php')
CRITICAL - 2024-12-29 10:15:14 --> [Caused by] CodeIgniter\Database\Exceptions\DatabaseException: Unknown column 'daftar_poli.created_at' in 'order clause'
in SYSTEMPATH\Database\MySQLi\Connection.php on line 317.
 1 SYSTEMPATH\Database\BaseConnection.php(734): CodeIgniter\Database\MySQLi\Connection->execute('SELECT `daftar_poli`.*, `jadwal_periksa`.`hari`, `jadwal_periksa`.`jam_mulai`, `jadwal_periksa`.`jam_selesai`, `dokter`.`nama` AS `nama_dokter`, `poli`.`nama_poli`, (CASE WHEN periksa.id IS NOT NULL THEN "Sudah Diperiksa" ELSE "Belum Diperiksa" END) AS status_periksa
FROM `daftar_poli`
LEFT JOIN `jadwal_periksa` ON `jadwal_periksa`.`id` = `daftar_poli`.`id_jadwal`
LEFT JOIN `dokter` ON `dokter`.`id` = `jadwal_periksa`.`id_dokter`
LEFT JOIN `poli` ON `poli`.`id` = `daftar_poli`.`id_poli`
LEFT JOIN `periksa` ON `periksa`.`id_daftar_poli` = `daftar_poli`.`id`
WHERE `daftar_poli`.`id_pasien` = \'1\'
ORDER BY `daftar_poli`.`created_at` DESC
 LIMIT 10')
 2 SYSTEMPATH\Database\BaseConnection.php(648): CodeIgniter\Database\BaseConnection->simpleQuery('SELECT `daftar_poli`.*, `jadwal_periksa`.`hari`, `jadwal_periksa`.`jam_mulai`, `jadwal_periksa`.`jam_selesai`, `dokter`.`nama` AS `nama_dokter`, `poli`.`nama_poli`, (CASE WHEN periksa.id IS NOT NULL THEN "Sudah Diperiksa" ELSE "Belum Diperiksa" END) AS status_periksa
FROM `daftar_poli`
LEFT JOIN `jadwal_periksa` ON `jadwal_periksa`.`id` = `daftar_poli`.`id_jadwal`
LEFT JOIN `dokter` ON `dokter`.`id` = `jadwal_periksa`.`id_dokter`
LEFT JOIN `poli` ON `poli`.`id` = `daftar_poli`.`id_poli`
LEFT JOIN `periksa` ON `periksa`.`id_daftar_poli` = `daftar_poli`.`id`
WHERE `daftar_poli`.`id_pasien` = \'1\'
ORDER BY `daftar_poli`.`created_at` DESC
 LIMIT 10')
 3 SYSTEMPATH\Database\BaseBuilder.php(1644): CodeIgniter\Database\BaseConnection->query('SELECT `daftar_poli`.*, `jadwal_periksa`.`hari`, `jadwal_periksa`.`jam_mulai`, `jadwal_periksa`.`jam_selesai`, `dokter`.`nama` AS `nama_dokter`, `poli`.`nama_poli`, (CASE WHEN periksa.id IS NOT NULL THEN "Sudah Diperiksa" ELSE "Belum Diperiksa" END) AS status_periksa
FROM `daftar_poli`
LEFT JOIN `jadwal_periksa` ON `jadwal_periksa`.`id` = `daftar_poli`.`id_jadwal`
LEFT JOIN `dokter` ON `dokter`.`id` = `jadwal_periksa`.`id_dokter`
LEFT JOIN `poli` ON `poli`.`id` = `daftar_poli`.`id_poli`
LEFT JOIN `periksa` ON `periksa`.`id_daftar_poli` = `daftar_poli`.`id`
WHERE `daftar_poli`.`id_pasien` = :daftar_poli.id_pasien:
ORDER BY `daftar_poli`.`created_at` DESC
 LIMIT 10', [...], false)
 4 SYSTEMPATH\Model.php(286): CodeIgniter\Database\BaseBuilder->get()
 5 SYSTEMPATH\BaseModel.php(676): CodeIgniter\Model->doFindAll(10, 0)
 6 SYSTEMPATH\BaseModel.php(1288): CodeIgniter\BaseModel->findAll(10, 0)
 7 APPPATH\Controllers\PasienController.php(133): CodeIgniter\BaseModel->paginate(10)
 8 SYSTEMPATH\CodeIgniter.php(933): App\Controllers\PasienController->daftarPoli()
 9 SYSTEMPATH\CodeIgniter.php(509): CodeIgniter\CodeIgniter->runController(Object(App\Controllers\PasienController))
10 SYSTEMPATH\CodeIgniter.php(355): CodeIgniter\CodeIgniter->handleRequest(null, Object(Config\Cache), false)
11 SYSTEMPATH\Boot.php(325): CodeIgniter\CodeIgniter->run()
12 SYSTEMPATH\Boot.php(67): CodeIgniter\Boot::runCodeIgniter(Object(CodeIgniter\CodeIgniter))
13 FCPATH\index.php(56): CodeIgniter\Boot::bootWeb(Object(Config\Paths))
14 SYSTEMPATH\rewrite.php(44): require_once('C:\\Users\\fendy\\Documents\\GitHub\\Appointment_system\\public\\index.php')
CRITICAL - 2024-12-29 10:15:14 --> [Caused by] mysqli_sql_exception: Unknown column 'daftar_poli.created_at' in 'order clause'
in SYSTEMPATH\Database\MySQLi\Connection.php on line 312.
 1 SYSTEMPATH\Database\MySQLi\Connection.php(312): mysqli->query('SELECT `daftar_poli`.*, `jadwal_periksa`.`hari`, `jadwal_periksa`.`jam_mulai`, `jadwal_periksa`.`jam_selesai`, `dokter`.`nama` AS `nama_dokter`, `poli`.`nama_poli`, (CASE WHEN periksa.id IS NOT NULL THEN "Sudah Diperiksa" ELSE "Belum Diperiksa" END) AS status_periksa
FROM `daftar_poli`
LEFT JOIN `jadwal_periksa` ON `jadwal_periksa`.`id` = `daftar_poli`.`id_jadwal`
LEFT JOIN `dokter` ON `dokter`.`id` = `jadwal_periksa`.`id_dokter`
LEFT JOIN `poli` ON `poli`.`id` = `daftar_poli`.`id_poli`
LEFT JOIN `periksa` ON `periksa`.`id_daftar_poli` = `daftar_poli`.`id`
WHERE `daftar_poli`.`id_pasien` = \'1\'
ORDER BY `daftar_poli`.`created_at` DESC
 LIMIT 10', 0)
 2 SYSTEMPATH\Database\BaseConnection.php(734): CodeIgniter\Database\MySQLi\Connection->execute('SELECT `daftar_poli`.*, `jadwal_periksa`.`hari`, `jadwal_periksa`.`jam_mulai`, `jadwal_periksa`.`jam_selesai`, `dokter`.`nama` AS `nama_dokter`, `poli`.`nama_poli`, (CASE WHEN periksa.id IS NOT NULL THEN "Sudah Diperiksa" ELSE "Belum Diperiksa" END) AS status_periksa
FROM `daftar_poli`
LEFT JOIN `jadwal_periksa` ON `jadwal_periksa`.`id` = `daftar_poli`.`id_jadwal`
LEFT JOIN `dokter` ON `dokter`.`id` = `jadwal_periksa`.`id_dokter`
LEFT JOIN `poli` ON `poli`.`id` = `daftar_poli`.`id_poli`
LEFT JOIN `periksa` ON `periksa`.`id_daftar_poli` = `daftar_poli`.`id`
WHERE `daftar_poli`.`id_pasien` = \'1\'
ORDER BY `daftar_poli`.`created_at` DESC
 LIMIT 10')
 3 SYSTEMPATH\Database\BaseConnection.php(648): CodeIgniter\Database\BaseConnection->simpleQuery('SELECT `daftar_poli`.*, `jadwal_periksa`.`hari`, `jadwal_periksa`.`jam_mulai`, `jadwal_periksa`.`jam_selesai`, `dokter`.`nama` AS `nama_dokter`, `poli`.`nama_poli`, (CASE WHEN periksa.id IS NOT NULL THEN "Sudah Diperiksa" ELSE "Belum Diperiksa" END) AS status_periksa
FROM `daftar_poli`
LEFT JOIN `jadwal_periksa` ON `jadwal_periksa`.`id` = `daftar_poli`.`id_jadwal`
LEFT JOIN `dokter` ON `dokter`.`id` = `jadwal_periksa`.`id_dokter`
LEFT JOIN `poli` ON `poli`.`id` = `daftar_poli`.`id_poli`
LEFT JOIN `periksa` ON `periksa`.`id_daftar_poli` = `daftar_poli`.`id`
WHERE `daftar_poli`.`id_pasien` = \'1\'
ORDER BY `daftar_poli`.`created_at` DESC
 LIMIT 10')
 4 SYSTEMPATH\Database\BaseBuilder.php(1644): CodeIgniter\Database\BaseConnection->query('SELECT `daftar_poli`.*, `jadwal_periksa`.`hari`, `jadwal_periksa`.`jam_mulai`, `jadwal_periksa`.`jam_selesai`, `dokter`.`nama` AS `nama_dokter`, `poli`.`nama_poli`, (CASE WHEN periksa.id IS NOT NULL THEN "Sudah Diperiksa" ELSE "Belum Diperiksa" END) AS status_periksa
FROM `daftar_poli`
LEFT JOIN `jadwal_periksa` ON `jadwal_periksa`.`id` = `daftar_poli`.`id_jadwal`
LEFT JOIN `dokter` ON `dokter`.`id` = `jadwal_periksa`.`id_dokter`
LEFT JOIN `poli` ON `poli`.`id` = `daftar_poli`.`id_poli`
LEFT JOIN `periksa` ON `periksa`.`id_daftar_poli` = `daftar_poli`.`id`
WHERE `daftar_poli`.`id_pasien` = :daftar_poli.id_pasien:
ORDER BY `daftar_poli`.`created_at` DESC
 LIMIT 10', [...], false)
 5 SYSTEMPATH\Model.php(286): CodeIgniter\Database\BaseBuilder->get()
 6 SYSTEMPATH\BaseModel.php(676): CodeIgniter\Model->doFindAll(10, 0)
 7 SYSTEMPATH\BaseModel.php(1288): CodeIgniter\BaseModel->findAll(10, 0)
 8 APPPATH\Controllers\PasienController.php(133): CodeIgniter\BaseModel->paginate(10)
 9 SYSTEMPATH\CodeIgniter.php(933): App\Controllers\PasienController->daftarPoli()
10 SYSTEMPATH\CodeIgniter.php(509): CodeIgniter\CodeIgniter->runController(Object(App\Controllers\PasienController))
11 SYSTEMPATH\CodeIgniter.php(355): CodeIgniter\CodeIgniter->handleRequest(null, Object(Config\Cache), false)
12 SYSTEMPATH\Boot.php(325): CodeIgniter\CodeIgniter->run()
13 SYSTEMPATH\Boot.php(67): CodeIgniter\Boot::runCodeIgniter(Object(CodeIgniter\CodeIgniter))
14 FCPATH\index.php(56): CodeIgniter\Boot::bootWeb(Object(Config\Paths))
15 SYSTEMPATH\rewrite.php(44): require_once('C:\\Users\\fendy\\Documents\\GitHub\\Appointment_system\\public\\index.php')
INFO - 2024-12-29 11:15:09 --> Session: Class initialized using 'CodeIgniter\Session\Handlers\FileHandler' driver.
INFO - 2024-12-29 11:15:19 --> Session: Class initialized using 'CodeIgniter\Session\Handlers\FileHandler' driver.
INFO - 2024-12-29 11:15:22 --> Session: Class initialized using 'CodeIgniter\Session\Handlers\FileHandler' driver.
INFO - 2024-12-29 11:15:32 --> Session: Class initialized using 'CodeIgniter\Session\Handlers\FileHandler' driver.
INFO - 2024-12-29 11:15:32 --> Session: Class initialized using 'CodeIgniter\Session\Handlers\FileHandler' driver.
INFO - 2024-12-29 11:23:29 --> Session: Class initialized using 'CodeIgniter\Session\Handlers\FileHandler' driver.
INFO - 2024-12-29 11:26:56 --> Session: Class initialized using 'CodeIgniter\Session\Handlers\FileHandler' driver.
INFO - 2024-12-29 11:26:56 --> Session: Class initialized using 'CodeIgniter\Session\Handlers\FileHandler' driver.
INFO - 2024-12-29 11:27:00 --> Session: Class initialized using 'CodeIgniter\Session\Handlers\FileHandler' driver.
INFO - 2024-12-29 11:27:04 --> Session: Class initialized using 'CodeIgniter\Session\Handlers\FileHandler' driver.
INFO - 2024-12-29 11:27:11 --> Session: Class initialized using 'CodeIgniter\Session\Handlers\FileHandler' driver.
INFO - 2024-12-29 11:27:14 --> Session: Class initialized using 'CodeIgniter\Session\Handlers\FileHandler' driver.
INFO - 2024-12-29 11:27:15 --> Session: Class initialized using 'CodeIgniter\Session\Handlers\FileHandler' driver.
INFO - 2024-12-29 11:27:17 --> Session: Class initialized using 'CodeIgniter\Session\Handlers\FileHandler' driver.
INFO - 2024-12-29 11:27:19 --> Session: Class initialized using 'CodeIgniter\Session\Handlers\FileHandler' driver.
INFO - 2024-12-29 11:27:20 --> Session: Class initialized using 'CodeIgniter\Session\Handlers\FileHandler' driver.
INFO - 2024-12-29 11:27:44 --> Session: Class initialized using 'CodeIgniter\Session\Handlers\FileHandler' driver.
INFO - 2024-12-29 11:28:36 --> Session: Class initialized using 'CodeIgniter\Session\Handlers\FileHandler' driver.
INFO - 2024-12-29 11:28:39 --> Session: Class initialized using 'CodeIgniter\Session\Handlers\FileHandler' driver.
INFO - 2024-12-29 11:28:42 --> Session: Class initialized using 'CodeIgniter\Session\Handlers\FileHandler' driver.
INFO - 2024-12-29 11:28:45 --> Session: Class initialized using 'CodeIgniter\Session\Handlers\FileHandler' driver.
INFO - 2024-12-29 11:28:46 --> Session: Class initialized using 'CodeIgniter\Session\Handlers\FileHandler' driver.
INFO - 2024-12-29 11:28:49 --> Session: Class initialized using 'CodeIgniter\Session\Handlers\FileHandler' driver.
INFO - 2024-12-29 11:28:50 --> Session: Class initialized using 'CodeIgniter\Session\Handlers\FileHandler' driver.
INFO - 2024-12-29 11:28:59 --> Session: Class initialized using 'CodeIgniter\Session\Handlers\FileHandler' driver.
INFO - 2024-12-29 11:29:00 --> Session: Class initialized using 'CodeIgniter\Session\Handlers\FileHandler' driver.
INFO - 2024-12-29 11:29:02 --> Session: Class initialized using 'CodeIgniter\Session\Handlers\FileHandler' driver.
INFO - 2024-12-29 11:29:05 --> Session: Class initialized using 'CodeIgniter\Session\Handlers\FileHandler' driver.
INFO - 2024-12-29 14:20:15 --> Session: Class initialized using 'CodeIgniter\Session\Handlers\FileHandler' driver.
INFO - 2024-12-29 14:20:15 --> Session: Class initialized using 'CodeIgniter\Session\Handlers\FileHandler' driver.
INFO - 2024-12-29 14:20:23 --> Session: Class initialized using 'CodeIgniter\Session\Handlers\FileHandler' driver.
INFO - 2024-12-29 14:20:25 --> Session: Class initialized using 'CodeIgniter\Session\Handlers\FileHandler' driver.
INFO - 2024-12-29 14:20:26 --> Session: Class initialized using 'CodeIgniter\Session\Handlers\FileHandler' driver.
INFO - 2024-12-29 14:20:29 --> Session: Class initialized using 'CodeIgniter\Session\Handlers\FileHandler' driver.
CRITICAL - 2024-12-29 14:20:30 --> ErrorException: Undefined variable $pasien
[Method: GET, Route: pasien/daftar-poli/detail/17]
in APPPATH\Views\pasien\daftar_poli\detail.php on line 19.
 1 APPPATH\Views\pasien\daftar_poli\detail.php(19): CodeIgniter\Debug\Exceptions->errorHandler(2, 'Undefined variable $pasien', 'C:\\Users\\fendy\\Documents\\GitHub\\Appointment_system\\app\\Views\\pasien\\daftar_poli\\detail.php', 19)
 2 SYSTEMPATH\View\View.php(234): include('C:\\Users\\fendy\\Documents\\GitHub\\Appointment_system\\app\\Views\\pasien\\daftar_poli\\detail.php')
 3 SYSTEMPATH\View\View.php(237): CodeIgniter\View\View->CodeIgniter\View\{closure}()
 4 SYSTEMPATH\Common.php(1171): CodeIgniter\View\View->render('pasien/daftar_poli/detail', [], true)
 5 APPPATH\Controllers\PasienController.php(293): view('pasien/daftar_poli/detail', [...])
 6 SYSTEMPATH\CodeIgniter.php(933): App\Controllers\PasienController->detailPeriksa('17')
 7 SYSTEMPATH\CodeIgniter.php(509): CodeIgniter\CodeIgniter->runController(Object(App\Controllers\PasienController))
 8 SYSTEMPATH\CodeIgniter.php(355): CodeIgniter\CodeIgniter->handleRequest(null, Object(Config\Cache), false)
 9 SYSTEMPATH\Boot.php(325): CodeIgniter\CodeIgniter->run()
10 SYSTEMPATH\Boot.php(67): CodeIgniter\Boot::runCodeIgniter(Object(CodeIgniter\CodeIgniter))
11 FCPATH\index.php(56): CodeIgniter\Boot::bootWeb(Object(Config\Paths))
12 SYSTEMPATH\rewrite.php(44): require_once('C:\\Users\\fendy\\Documents\\GitHub\\Appointment_system\\public\\index.php')
INFO - 2024-12-29 14:30:36 --> Session: Class initialized using 'CodeIgniter\Session\Handlers\FileHandler' driver.
CRITICAL - 2024-12-29 14:30:36 --> ErrorException: Undefined array key "nama_pasien"
[Method: GET, Route: pasien/daftar-poli/detail/17]
in APPPATH\Views\pasien\daftar_poli\detail.php on line 11.
 1 APPPATH\Views\pasien\daftar_poli\detail.php(11): CodeIgniter\Debug\Exceptions->errorHandler(2, 'Undefined array key "nama_pasien"', 'C:\\Users\\fendy\\Documents\\GitHub\\Appointment_system\\app\\Views\\pasien\\daftar_poli\\detail.php', 11)
 2 SYSTEMPATH\View\View.php(234): include('C:\\Users\\fendy\\Documents\\GitHub\\Appointment_system\\app\\Views\\pasien\\daftar_poli\\detail.php')
 3 SYSTEMPATH\View\View.php(237): CodeIgniter\View\View->CodeIgniter\View\{closure}()
 4 SYSTEMPATH\Common.php(1171): CodeIgniter\View\View->render('pasien/daftar_poli/detail', [], true)
 5 APPPATH\Controllers\PasienController.php(293): view('pasien/daftar_poli/detail', [...])
 6 SYSTEMPATH\CodeIgniter.php(933): App\Controllers\PasienController->detailPeriksa('17')
 7 SYSTEMPATH\CodeIgniter.php(509): CodeIgniter\CodeIgniter->runController(Object(App\Controllers\PasienController))
 8 SYSTEMPATH\CodeIgniter.php(355): CodeIgniter\CodeIgniter->handleRequest(null, Object(Config\Cache), false)
 9 SYSTEMPATH\Boot.php(325): CodeIgniter\CodeIgniter->run()
10 SYSTEMPATH\Boot.php(67): CodeIgniter\Boot::runCodeIgniter(Object(CodeIgniter\CodeIgniter))
11 FCPATH\index.php(56): CodeIgniter\Boot::bootWeb(Object(Config\Paths))
12 SYSTEMPATH\rewrite.php(44): require_once('C:\\Users\\fendy\\Documents\\GitHub\\Appointment_system\\public\\index.php')
INFO - 2024-12-29 14:30:37 --> Session: Class initialized using 'CodeIgniter\Session\Handlers\FileHandler' driver.
CRITICAL - 2024-12-29 14:30:37 --> ErrorException: Undefined array key "nama_pasien"
[Method: GET, Route: pasien/daftar-poli/detail/17]
in APPPATH\Views\pasien\daftar_poli\detail.php on line 11.
 1 APPPATH\Views\pasien\daftar_poli\detail.php(11): CodeIgniter\Debug\Exceptions->errorHandler(2, 'Undefined array key "nama_pasien"', 'C:\\Users\\fendy\\Documents\\GitHub\\Appointment_system\\app\\Views\\pasien\\daftar_poli\\detail.php', 11)
 2 SYSTEMPATH\View\View.php(234): include('C:\\Users\\fendy\\Documents\\GitHub\\Appointment_system\\app\\Views\\pasien\\daftar_poli\\detail.php')
 3 SYSTEMPATH\View\View.php(237): CodeIgniter\View\View->CodeIgniter\View\{closure}()
 4 SYSTEMPATH\Common.php(1171): CodeIgniter\View\View->render('pasien/daftar_poli/detail', [], true)
 5 APPPATH\Controllers\PasienController.php(293): view('pasien/daftar_poli/detail', [...])
 6 SYSTEMPATH\CodeIgniter.php(933): App\Controllers\PasienController->detailPeriksa('17')
 7 SYSTEMPATH\CodeIgniter.php(509): CodeIgniter\CodeIgniter->runController(Object(App\Controllers\PasienController))
 8 SYSTEMPATH\CodeIgniter.php(355): CodeIgniter\CodeIgniter->handleRequest(null, Object(Config\Cache), false)
 9 SYSTEMPATH\Boot.php(325): CodeIgniter\CodeIgniter->run()
10 SYSTEMPATH\Boot.php(67): CodeIgniter\Boot::runCodeIgniter(Object(CodeIgniter\CodeIgniter))
11 FCPATH\index.php(56): CodeIgniter\Boot::bootWeb(Object(Config\Paths))
12 SYSTEMPATH\rewrite.php(44): require_once('C:\\Users\\fendy\\Documents\\GitHub\\Appointment_system\\public\\index.php')
INFO - 2024-12-29 14:39:55 --> Session: Class initialized using 'CodeIgniter\Session\Handlers\FileHandler' driver.
INFO - 2024-12-29 14:40:12 --> Session: Class initialized using 'CodeIgniter\Session\Handlers\FileHandler' driver.
INFO - 2024-12-29 14:40:14 --> Session: Class initialized using 'CodeIgniter\Session\Handlers\FileHandler' driver.
INFO - 2024-12-29 14:40:15 --> Session: Class initialized using 'CodeIgniter\Session\Handlers\FileHandler' driver.
INFO - 2024-12-29 14:40:16 --> Session: Class initialized using 'CodeIgniter\Session\Handlers\FileHandler' driver.
INFO - 2024-12-29 14:40:19 --> Session: Class initialized using 'CodeIgniter\Session\Handlers\FileHandler' driver.
INFO - 2024-12-29 14:48:26 --> Session: Class initialized using 'CodeIgniter\Session\Handlers\FileHandler' driver.
INFO - 2024-12-29 14:52:06 --> Session: Class initialized using 'CodeIgniter\Session\Handlers\FileHandler' driver.
INFO - 2024-12-29 14:52:09 --> Session: Class initialized using 'CodeIgniter\Session\Handlers\FileHandler' driver.
INFO - 2024-12-29 14:52:12 --> Session: Class initialized using 'CodeIgniter\Session\Handlers\FileHandler' driver.
INFO - 2024-12-29 14:52:15 --> Session: Class initialized using 'CodeIgniter\Session\Handlers\FileHandler' driver.
INFO - 2024-12-29 14:54:00 --> Session: Class initialized using 'CodeIgniter\Session\Handlers\FileHandler' driver.
INFO - 2024-12-29 14:54:04 --> Session: Class initialized using 'CodeIgniter\Session\Handlers\FileHandler' driver.
INFO - 2024-12-29 14:56:56 --> Session: Class initialized using 'CodeIgniter\Session\Handlers\FileHandler' driver.
INFO - 2024-12-29 14:56:58 --> Session: Class initialized using 'CodeIgniter\Session\Handlers\FileHandler' driver.
INFO - 2024-12-29 14:56:59 --> Session: Class initialized using 'CodeIgniter\Session\Handlers\FileHandler' driver.
INFO - 2024-12-29 14:57:05 --> Session: Class initialized using 'CodeIgniter\Session\Handlers\FileHandler' driver.
INFO - 2024-12-29 14:57:19 --> Session: Class initialized using 'CodeIgniter\Session\Handlers\FileHandler' driver.
INFO - 2024-12-29 14:57:28 --> Session: Class initialized using 'CodeIgniter\Session\Handlers\FileHandler' driver.
INFO - 2024-12-29 14:59:00 --> Session: Class initialized using 'CodeIgniter\Session\Handlers\FileHandler' driver.
INFO - 2024-12-29 14:59:15 --> Session: Class initialized using 'CodeIgniter\Session\Handlers\FileHandler' driver.
INFO - 2024-12-29 15:01:29 --> Session: Class initialized using 'CodeIgniter\Session\Handlers\FileHandler' driver.
INFO - 2024-12-29 15:13:07 --> Session: Class initialized using 'CodeIgniter\Session\Handlers\FileHandler' driver.
INFO - 2024-12-29 15:13:11 --> Session: Class initialized using 'CodeIgniter\Session\Handlers\FileHandler' driver.
INFO - 2024-12-29 15:43:58 --> Session: Class initialized using 'CodeIgniter\Session\Handlers\FileHandler' driver.
ERROR - 2024-12-29 15:43:58 --> mysqli_sql_exception: Unknown column 'CASE WHEN periksa.id IS NOT NULL THEN "Sudah Diperiksa" ELSE "Belum Diperiksa" END' in 'field list' in C:\Users\fendy\Documents\GitHub\Appointment_system\system\Database\MySQLi\Connection.php:312
Stack trace:
#0 C:\Users\fendy\Documents\GitHub\Appointment_system\system\Database\MySQLi\Connection.php(312): mysqli->query('SELECT `daftar_...', 0)
#1 C:\Users\fendy\Documents\GitHub\Appointment_system\system\Database\BaseConnection.php(734): CodeIgniter\Database\MySQLi\Connection->execute('SELECT `daftar_...')
#2 C:\Users\fendy\Documents\GitHub\Appointment_system\system\Database\BaseConnection.php(648): CodeIgniter\Database\BaseConnection->simpleQuery('SELECT `daftar_...')
#3 C:\Users\fendy\Documents\GitHub\Appointment_system\system\Database\BaseBuilder.php(1644): CodeIgniter\Database\BaseConnection->query('SELECT `daftar_...', Array, false)
#4 C:\Users\fendy\Documents\GitHub\Appointment_system\system\Model.php(330): CodeIgniter\Database\BaseBuilder->get()
#5 C:\Users\fendy\Documents\GitHub\Appointment_system\system\BaseModel.php(714): CodeIgniter\Model->doFirst()
#6 C:\Users\fendy\Documents\GitHub\Appointment_system\app\Controllers\Home.php(103): CodeIgniter\BaseModel->first()
#7 C:\Users\fendy\Documents\GitHub\Appointment_system\system\CodeIgniter.php(933): App\Controllers\Home->dashboardPasien()
#8 C:\Users\fendy\Documents\GitHub\Appointment_system\system\CodeIgniter.php(509): CodeIgniter\CodeIgniter->runController(Object(App\Controllers\Home))
#9 C:\Users\fendy\Documents\GitHub\Appointment_system\system\CodeIgniter.php(355): CodeIgniter\CodeIgniter->handleRequest(NULL, Object(Config\Cache), false)
#10 C:\Users\fendy\Documents\GitHub\Appointment_system\system\Boot.php(325): CodeIgniter\CodeIgniter->run()
#11 C:\Users\fendy\Documents\GitHub\Appointment_system\system\Boot.php(67): CodeIgniter\Boot::runCodeIgniter(Object(CodeIgniter\CodeIgniter))
#12 C:\Users\fendy\Documents\GitHub\Appointment_system\public\index.php(56): CodeIgniter\Boot::bootWeb(Object(Config\Paths))
#13 C:\Users\fendy\Documents\GitHub\Appointment_system\system\rewrite.php(44): require_once('C:\\Users\\fendy\\...')
#14 {main}
CRITICAL - 2024-12-29 15:43:58 --> CodeIgniter\Database\Exceptions\DatabaseException: Unknown column 'CASE WHEN periksa.id IS NOT NULL THEN "Sudah Diperiksa" ELSE "Belum Diperiksa" END' in 'field list'
[Method: GET, Route: dashboard-pasien]
in SYSTEMPATH\Database\BaseConnection.php on line 688.
 1 SYSTEMPATH\Database\BaseBuilder.php(1644): CodeIgniter\Database\BaseConnection->query('SELECT `daftar_poli`.*, `poli`.`nama_poli`, `dokter`.`nama` AS `nama_dokter`, `jadwal_periksa`.`hari`, `jadwal_periksa`.`jam_mulai`, `jadwal_periksa`.`jam_selesai`, `CASE WHEN periksa`.`id IS NOT NULL THEN "Sudah Diperiksa" ELSE "Belum Diperiksa" END` AS `status_periksa`
FROM `daftar_poli`
LEFT JOIN `poli` ON `poli`.`id` = `daftar_poli`.`id_poli`
LEFT JOIN `jadwal_periksa` ON `jadwal_periksa`.`id` = `daftar_poli`.`id_jadwal`
LEFT JOIN `dokter` ON `dokter`.`id` = `jadwal_periksa`.`id_dokter`
LEFT JOIN `periksa` ON `periksa`.`id_daftar_poli` = `daftar_poli`.`id`
WHERE `daftar_poli`.`id_pasien` = :daftar_poli.id_pasien:
ORDER BY `daftar_poli`.`created_at` DESC
 LIMIT 1', [...], false)
 2 SYSTEMPATH\Model.php(330): CodeIgniter\Database\BaseBuilder->get()
 3 SYSTEMPATH\BaseModel.php(714): CodeIgniter\Model->doFirst()
 4 APPPATH\Controllers\Home.php(103): CodeIgniter\BaseModel->first()
 5 SYSTEMPATH\CodeIgniter.php(933): App\Controllers\Home->dashboardPasien()
 6 SYSTEMPATH\CodeIgniter.php(509): CodeIgniter\CodeIgniter->runController(Object(App\Controllers\Home))
 7 SYSTEMPATH\CodeIgniter.php(355): CodeIgniter\CodeIgniter->handleRequest(null, Object(Config\Cache), false)
 8 SYSTEMPATH\Boot.php(325): CodeIgniter\CodeIgniter->run()
 9 SYSTEMPATH\Boot.php(67): CodeIgniter\Boot::runCodeIgniter(Object(CodeIgniter\CodeIgniter))
10 FCPATH\index.php(56): CodeIgniter\Boot::bootWeb(Object(Config\Paths))
11 SYSTEMPATH\rewrite.php(44): require_once('C:\\Users\\fendy\\Documents\\GitHub\\Appointment_system\\public\\index.php')
CRITICAL - 2024-12-29 15:43:58 --> [Caused by] CodeIgniter\Database\Exceptions\DatabaseException: Unknown column 'CASE WHEN periksa.id IS NOT NULL THEN "Sudah Diperiksa" ELSE "Belum Diperiksa" END' in 'field list'
in SYSTEMPATH\Database\MySQLi\Connection.php on line 317.
 1 SYSTEMPATH\Database\BaseConnection.php(734): CodeIgniter\Database\MySQLi\Connection->execute('SELECT `daftar_poli`.*, `poli`.`nama_poli`, `dokter`.`nama` AS `nama_dokter`, `jadwal_periksa`.`hari`, `jadwal_periksa`.`jam_mulai`, `jadwal_periksa`.`jam_selesai`, `CASE WHEN periksa`.`id IS NOT NULL THEN "Sudah Diperiksa" ELSE "Belum Diperiksa" END` AS `status_periksa`
FROM `daftar_poli`
LEFT JOIN `poli` ON `poli`.`id` = `daftar_poli`.`id_poli`
LEFT JOIN `jadwal_periksa` ON `jadwal_periksa`.`id` = `daftar_poli`.`id_jadwal`
LEFT JOIN `dokter` ON `dokter`.`id` = `jadwal_periksa`.`id_dokter`
LEFT JOIN `periksa` ON `periksa`.`id_daftar_poli` = `daftar_poli`.`id`
WHERE `daftar_poli`.`id_pasien` = \'1\'
ORDER BY `daftar_poli`.`created_at` DESC
 LIMIT 1')
 2 SYSTEMPATH\Database\BaseConnection.php(648): CodeIgniter\Database\BaseConnection->simpleQuery('SELECT `daftar_poli`.*, `poli`.`nama_poli`, `dokter`.`nama` AS `nama_dokter`, `jadwal_periksa`.`hari`, `jadwal_periksa`.`jam_mulai`, `jadwal_periksa`.`jam_selesai`, `CASE WHEN periksa`.`id IS NOT NULL THEN "Sudah Diperiksa" ELSE "Belum Diperiksa" END` AS `status_periksa`
FROM `daftar_poli`
LEFT JOIN `poli` ON `poli`.`id` = `daftar_poli`.`id_poli`
LEFT JOIN `jadwal_periksa` ON `jadwal_periksa`.`id` = `daftar_poli`.`id_jadwal`
LEFT JOIN `dokter` ON `dokter`.`id` = `jadwal_periksa`.`id_dokter`
LEFT JOIN `periksa` ON `periksa`.`id_daftar_poli` = `daftar_poli`.`id`
WHERE `daftar_poli`.`id_pasien` = \'1\'
ORDER BY `daftar_poli`.`created_at` DESC
 LIMIT 1')
 3 SYSTEMPATH\Database\BaseBuilder.php(1644): CodeIgniter\Database\BaseConnection->query('SELECT `daftar_poli`.*, `poli`.`nama_poli`, `dokter`.`nama` AS `nama_dokter`, `jadwal_periksa`.`hari`, `jadwal_periksa`.`jam_mulai`, `jadwal_periksa`.`jam_selesai`, `CASE WHEN periksa`.`id IS NOT NULL THEN "Sudah Diperiksa" ELSE "Belum Diperiksa" END` AS `status_periksa`
FROM `daftar_poli`
LEFT JOIN `poli` ON `poli`.`id` = `daftar_poli`.`id_poli`
LEFT JOIN `jadwal_periksa` ON `jadwal_periksa`.`id` = `daftar_poli`.`id_jadwal`
LEFT JOIN `dokter` ON `dokter`.`id` = `jadwal_periksa`.`id_dokter`
LEFT JOIN `periksa` ON `periksa`.`id_daftar_poli` = `daftar_poli`.`id`
WHERE `daftar_poli`.`id_pasien` = :daftar_poli.id_pasien:
ORDER BY `daftar_poli`.`created_at` DESC
 LIMIT 1', [...], false)
 4 SYSTEMPATH\Model.php(330): CodeIgniter\Database\BaseBuilder->get()
 5 SYSTEMPATH\BaseModel.php(714): CodeIgniter\Model->doFirst()
 6 APPPATH\Controllers\Home.php(103): CodeIgniter\BaseModel->first()
 7 SYSTEMPATH\CodeIgniter.php(933): App\Controllers\Home->dashboardPasien()
 8 SYSTEMPATH\CodeIgniter.php(509): CodeIgniter\CodeIgniter->runController(Object(App\Controllers\Home))
 9 SYSTEMPATH\CodeIgniter.php(355): CodeIgniter\CodeIgniter->handleRequest(null, Object(Config\Cache), false)
10 SYSTEMPATH\Boot.php(325): CodeIgniter\CodeIgniter->run()
11 SYSTEMPATH\Boot.php(67): CodeIgniter\Boot::runCodeIgniter(Object(CodeIgniter\CodeIgniter))
12 FCPATH\index.php(56): CodeIgniter\Boot::bootWeb(Object(Config\Paths))
13 SYSTEMPATH\rewrite.php(44): require_once('C:\\Users\\fendy\\Documents\\GitHub\\Appointment_system\\public\\index.php')
CRITICAL - 2024-12-29 15:43:58 --> [Caused by] mysqli_sql_exception: Unknown column 'CASE WHEN periksa.id IS NOT NULL THEN "Sudah Diperiksa" ELSE "Belum Diperiksa" END' in 'field list'
in SYSTEMPATH\Database\MySQLi\Connection.php on line 312.
 1 SYSTEMPATH\Database\MySQLi\Connection.php(312): mysqli->query('SELECT `daftar_poli`.*, `poli`.`nama_poli`, `dokter`.`nama` AS `nama_dokter`, `jadwal_periksa`.`hari`, `jadwal_periksa`.`jam_mulai`, `jadwal_periksa`.`jam_selesai`, `CASE WHEN periksa`.`id IS NOT NULL THEN "Sudah Diperiksa" ELSE "Belum Diperiksa" END` AS `status_periksa`
FROM `daftar_poli`
LEFT JOIN `poli` ON `poli`.`id` = `daftar_poli`.`id_poli`
LEFT JOIN `jadwal_periksa` ON `jadwal_periksa`.`id` = `daftar_poli`.`id_jadwal`
LEFT JOIN `dokter` ON `dokter`.`id` = `jadwal_periksa`.`id_dokter`
LEFT JOIN `periksa` ON `periksa`.`id_daftar_poli` = `daftar_poli`.`id`
WHERE `daftar_poli`.`id_pasien` = \'1\'
ORDER BY `daftar_poli`.`created_at` DESC
 LIMIT 1', 0)
 2 SYSTEMPATH\Database\BaseConnection.php(734): CodeIgniter\Database\MySQLi\Connection->execute('SELECT `daftar_poli`.*, `poli`.`nama_poli`, `dokter`.`nama` AS `nama_dokter`, `jadwal_periksa`.`hari`, `jadwal_periksa`.`jam_mulai`, `jadwal_periksa`.`jam_selesai`, `CASE WHEN periksa`.`id IS NOT NULL THEN "Sudah Diperiksa" ELSE "Belum Diperiksa" END` AS `status_periksa`
FROM `daftar_poli`
LEFT JOIN `poli` ON `poli`.`id` = `daftar_poli`.`id_poli`
LEFT JOIN `jadwal_periksa` ON `jadwal_periksa`.`id` = `daftar_poli`.`id_jadwal`
LEFT JOIN `dokter` ON `dokter`.`id` = `jadwal_periksa`.`id_dokter`
LEFT JOIN `periksa` ON `periksa`.`id_daftar_poli` = `daftar_poli`.`id`
WHERE `daftar_poli`.`id_pasien` = \'1\'
ORDER BY `daftar_poli`.`created_at` DESC
 LIMIT 1')
 3 SYSTEMPATH\Database\BaseConnection.php(648): CodeIgniter\Database\BaseConnection->simpleQuery('SELECT `daftar_poli`.*, `poli`.`nama_poli`, `dokter`.`nama` AS `nama_dokter`, `jadwal_periksa`.`hari`, `jadwal_periksa`.`jam_mulai`, `jadwal_periksa`.`jam_selesai`, `CASE WHEN periksa`.`id IS NOT NULL THEN "Sudah Diperiksa" ELSE "Belum Diperiksa" END` AS `status_periksa`
FROM `daftar_poli`
LEFT JOIN `poli` ON `poli`.`id` = `daftar_poli`.`id_poli`
LEFT JOIN `jadwal_periksa` ON `jadwal_periksa`.`id` = `daftar_poli`.`id_jadwal`
LEFT JOIN `dokter` ON `dokter`.`id` = `jadwal_periksa`.`id_dokter`
LEFT JOIN `periksa` ON `periksa`.`id_daftar_poli` = `daftar_poli`.`id`
WHERE `daftar_poli`.`id_pasien` = \'1\'
ORDER BY `daftar_poli`.`created_at` DESC
 LIMIT 1')
 4 SYSTEMPATH\Database\BaseBuilder.php(1644): CodeIgniter\Database\BaseConnection->query('SELECT `daftar_poli`.*, `poli`.`nama_poli`, `dokter`.`nama` AS `nama_dokter`, `jadwal_periksa`.`hari`, `jadwal_periksa`.`jam_mulai`, `jadwal_periksa`.`jam_selesai`, `CASE WHEN periksa`.`id IS NOT NULL THEN "Sudah Diperiksa" ELSE "Belum Diperiksa" END` AS `status_periksa`
FROM `daftar_poli`
LEFT JOIN `poli` ON `poli`.`id` = `daftar_poli`.`id_poli`
LEFT JOIN `jadwal_periksa` ON `jadwal_periksa`.`id` = `daftar_poli`.`id_jadwal`
LEFT JOIN `dokter` ON `dokter`.`id` = `jadwal_periksa`.`id_dokter`
LEFT JOIN `periksa` ON `periksa`.`id_daftar_poli` = `daftar_poli`.`id`
WHERE `daftar_poli`.`id_pasien` = :daftar_poli.id_pasien:
ORDER BY `daftar_poli`.`created_at` DESC
 LIMIT 1', [...], false)
 5 SYSTEMPATH\Model.php(330): CodeIgniter\Database\BaseBuilder->get()
 6 SYSTEMPATH\BaseModel.php(714): CodeIgniter\Model->doFirst()
 7 APPPATH\Controllers\Home.php(103): CodeIgniter\BaseModel->first()
 8 SYSTEMPATH\CodeIgniter.php(933): App\Controllers\Home->dashboardPasien()
 9 SYSTEMPATH\CodeIgniter.php(509): CodeIgniter\CodeIgniter->runController(Object(App\Controllers\Home))
10 SYSTEMPATH\CodeIgniter.php(355): CodeIgniter\CodeIgniter->handleRequest(null, Object(Config\Cache), false)
11 SYSTEMPATH\Boot.php(325): CodeIgniter\CodeIgniter->run()
12 SYSTEMPATH\Boot.php(67): CodeIgniter\Boot::runCodeIgniter(Object(CodeIgniter\CodeIgniter))
13 FCPATH\index.php(56): CodeIgniter\Boot::bootWeb(Object(Config\Paths))
14 SYSTEMPATH\rewrite.php(44): require_once('C:\\Users\\fendy\\Documents\\GitHub\\Appointment_system\\public\\index.php')
INFO - 2024-12-29 15:44:18 --> Session: Class initialized using 'CodeIgniter\Session\Handlers\FileHandler' driver.
ERROR - 2024-12-29 15:44:18 --> mysqli_sql_exception: Unknown column 'CASE WHEN periksa.id IS NOT NULL THEN "Sudah Diperiksa" ELSE "Belum Diperiksa" END' in 'field list' in C:\Users\fendy\Documents\GitHub\Appointment_system\system\Database\MySQLi\Connection.php:312
Stack trace:
#0 C:\Users\fendy\Documents\GitHub\Appointment_system\system\Database\MySQLi\Connection.php(312): mysqli->query('SELECT `daftar_...', 0)
#1 C:\Users\fendy\Documents\GitHub\Appointment_system\system\Database\BaseConnection.php(734): CodeIgniter\Database\MySQLi\Connection->execute('SELECT `daftar_...')
#2 C:\Users\fendy\Documents\GitHub\Appointment_system\system\Database\BaseConnection.php(648): CodeIgniter\Database\BaseConnection->simpleQuery('SELECT `daftar_...')
#3 C:\Users\fendy\Documents\GitHub\Appointment_system\system\Database\BaseBuilder.php(1644): CodeIgniter\Database\BaseConnection->query('SELECT `daftar_...', Array, false)
#4 C:\Users\fendy\Documents\GitHub\Appointment_system\system\Model.php(330): CodeIgniter\Database\BaseBuilder->get()
#5 C:\Users\fendy\Documents\GitHub\Appointment_system\system\BaseModel.php(714): CodeIgniter\Model->doFirst()
#6 C:\Users\fendy\Documents\GitHub\Appointment_system\app\Controllers\Home.php(103): CodeIgniter\BaseModel->first()
#7 C:\Users\fendy\Documents\GitHub\Appointment_system\system\CodeIgniter.php(933): App\Controllers\Home->dashboardPasien()
#8 C:\Users\fendy\Documents\GitHub\Appointment_system\system\CodeIgniter.php(509): CodeIgniter\CodeIgniter->runController(Object(App\Controllers\Home))
#9 C:\Users\fendy\Documents\GitHub\Appointment_system\system\CodeIgniter.php(355): CodeIgniter\CodeIgniter->handleRequest(NULL, Object(Config\Cache), false)
#10 C:\Users\fendy\Documents\GitHub\Appointment_system\system\Boot.php(325): CodeIgniter\CodeIgniter->run()
#11 C:\Users\fendy\Documents\GitHub\Appointment_system\system\Boot.php(67): CodeIgniter\Boot::runCodeIgniter(Object(CodeIgniter\CodeIgniter))
#12 C:\Users\fendy\Documents\GitHub\Appointment_system\public\index.php(56): CodeIgniter\Boot::bootWeb(Object(Config\Paths))
#13 C:\Users\fendy\Documents\GitHub\Appointment_system\system\rewrite.php(44): require_once('C:\\Users\\fendy\\...')
#14 {main}
CRITICAL - 2024-12-29 15:44:18 --> CodeIgniter\Database\Exceptions\DatabaseException: Unknown column 'CASE WHEN periksa.id IS NOT NULL THEN "Sudah Diperiksa" ELSE "Belum Diperiksa" END' in 'field list'
[Method: GET, Route: dashboard-pasien]
in SYSTEMPATH\Database\BaseConnection.php on line 688.
 1 SYSTEMPATH\Database\BaseBuilder.php(1644): CodeIgniter\Database\BaseConnection->query('SELECT `daftar_poli`.*, `poli`.`nama_poli`, `dokter`.`nama` AS `nama_dokter`, `jadwal_periksa`.`hari`, `jadwal_periksa`.`jam_mulai`, `jadwal_periksa`.`jam_selesai`, `CASE WHEN periksa`.`id IS NOT NULL THEN "Sudah Diperiksa" ELSE "Belum Diperiksa" END` AS `status_periksa`
FROM `daftar_poli`
LEFT JOIN `poli` ON `poli`.`id` = `daftar_poli`.`id_poli`
LEFT JOIN `jadwal_periksa` ON `jadwal_periksa`.`id` = `daftar_poli`.`id_jadwal`
LEFT JOIN `dokter` ON `dokter`.`id` = `jadwal_periksa`.`id_dokter`
LEFT JOIN `periksa` ON `periksa`.`id_daftar_poli` = `daftar_poli`.`id`
WHERE `daftar_poli`.`id_pasien` = :daftar_poli.id_pasien:
ORDER BY `daftar_poli`.`created_at` DESC
 LIMIT 1', [...], false)
 2 SYSTEMPATH\Model.php(330): CodeIgniter\Database\BaseBuilder->get()
 3 SYSTEMPATH\BaseModel.php(714): CodeIgniter\Model->doFirst()
 4 APPPATH\Controllers\Home.php(103): CodeIgniter\BaseModel->first()
 5 SYSTEMPATH\CodeIgniter.php(933): App\Controllers\Home->dashboardPasien()
 6 SYSTEMPATH\CodeIgniter.php(509): CodeIgniter\CodeIgniter->runController(Object(App\Controllers\Home))
 7 SYSTEMPATH\CodeIgniter.php(355): CodeIgniter\CodeIgniter->handleRequest(null, Object(Config\Cache), false)
 8 SYSTEMPATH\Boot.php(325): CodeIgniter\CodeIgniter->run()
 9 SYSTEMPATH\Boot.php(67): CodeIgniter\Boot::runCodeIgniter(Object(CodeIgniter\CodeIgniter))
10 FCPATH\index.php(56): CodeIgniter\Boot::bootWeb(Object(Config\Paths))
11 SYSTEMPATH\rewrite.php(44): require_once('C:\\Users\\fendy\\Documents\\GitHub\\Appointment_system\\public\\index.php')
CRITICAL - 2024-12-29 15:44:18 --> [Caused by] CodeIgniter\Database\Exceptions\DatabaseException: Unknown column 'CASE WHEN periksa.id IS NOT NULL THEN "Sudah Diperiksa" ELSE "Belum Diperiksa" END' in 'field list'
in SYSTEMPATH\Database\MySQLi\Connection.php on line 317.
 1 SYSTEMPATH\Database\BaseConnection.php(734): CodeIgniter\Database\MySQLi\Connection->execute('SELECT `daftar_poli`.*, `poli`.`nama_poli`, `dokter`.`nama` AS `nama_dokter`, `jadwal_periksa`.`hari`, `jadwal_periksa`.`jam_mulai`, `jadwal_periksa`.`jam_selesai`, `CASE WHEN periksa`.`id IS NOT NULL THEN "Sudah Diperiksa" ELSE "Belum Diperiksa" END` AS `status_periksa`
FROM `daftar_poli`
LEFT JOIN `poli` ON `poli`.`id` = `daftar_poli`.`id_poli`
LEFT JOIN `jadwal_periksa` ON `jadwal_periksa`.`id` = `daftar_poli`.`id_jadwal`
LEFT JOIN `dokter` ON `dokter`.`id` = `jadwal_periksa`.`id_dokter`
LEFT JOIN `periksa` ON `periksa`.`id_daftar_poli` = `daftar_poli`.`id`
WHERE `daftar_poli`.`id_pasien` = \'1\'
ORDER BY `daftar_poli`.`created_at` DESC
 LIMIT 1')
 2 SYSTEMPATH\Database\BaseConnection.php(648): CodeIgniter\Database\BaseConnection->simpleQuery('SELECT `daftar_poli`.*, `poli`.`nama_poli`, `dokter`.`nama` AS `nama_dokter`, `jadwal_periksa`.`hari`, `jadwal_periksa`.`jam_mulai`, `jadwal_periksa`.`jam_selesai`, `CASE WHEN periksa`.`id IS NOT NULL THEN "Sudah Diperiksa" ELSE "Belum Diperiksa" END` AS `status_periksa`
FROM `daftar_poli`
LEFT JOIN `poli` ON `poli`.`id` = `daftar_poli`.`id_poli`
LEFT JOIN `jadwal_periksa` ON `jadwal_periksa`.`id` = `daftar_poli`.`id_jadwal`
LEFT JOIN `dokter` ON `dokter`.`id` = `jadwal_periksa`.`id_dokter`
LEFT JOIN `periksa` ON `periksa`.`id_daftar_poli` = `daftar_poli`.`id`
WHERE `daftar_poli`.`id_pasien` = \'1\'
ORDER BY `daftar_poli`.`created_at` DESC
 LIMIT 1')
 3 SYSTEMPATH\Database\BaseBuilder.php(1644): CodeIgniter\Database\BaseConnection->query('SELECT `daftar_poli`.*, `poli`.`nama_poli`, `dokter`.`nama` AS `nama_dokter`, `jadwal_periksa`.`hari`, `jadwal_periksa`.`jam_mulai`, `jadwal_periksa`.`jam_selesai`, `CASE WHEN periksa`.`id IS NOT NULL THEN "Sudah Diperiksa" ELSE "Belum Diperiksa" END` AS `status_periksa`
FROM `daftar_poli`
LEFT JOIN `poli` ON `poli`.`id` = `daftar_poli`.`id_poli`
LEFT JOIN `jadwal_periksa` ON `jadwal_periksa`.`id` = `daftar_poli`.`id_jadwal`
LEFT JOIN `dokter` ON `dokter`.`id` = `jadwal_periksa`.`id_dokter`
LEFT JOIN `periksa` ON `periksa`.`id_daftar_poli` = `daftar_poli`.`id`
WHERE `daftar_poli`.`id_pasien` = :daftar_poli.id_pasien:
ORDER BY `daftar_poli`.`created_at` DESC
 LIMIT 1', [...], false)
 4 SYSTEMPATH\Model.php(330): CodeIgniter\Database\BaseBuilder->get()
 5 SYSTEMPATH\BaseModel.php(714): CodeIgniter\Model->doFirst()
 6 APPPATH\Controllers\Home.php(103): CodeIgniter\BaseModel->first()
 7 SYSTEMPATH\CodeIgniter.php(933): App\Controllers\Home->dashboardPasien()
 8 SYSTEMPATH\CodeIgniter.php(509): CodeIgniter\CodeIgniter->runController(Object(App\Controllers\Home))
 9 SYSTEMPATH\CodeIgniter.php(355): CodeIgniter\CodeIgniter->handleRequest(null, Object(Config\Cache), false)
10 SYSTEMPATH\Boot.php(325): CodeIgniter\CodeIgniter->run()
11 SYSTEMPATH\Boot.php(67): CodeIgniter\Boot::runCodeIgniter(Object(CodeIgniter\CodeIgniter))
12 FCPATH\index.php(56): CodeIgniter\Boot::bootWeb(Object(Config\Paths))
13 SYSTEMPATH\rewrite.php(44): require_once('C:\\Users\\fendy\\Documents\\GitHub\\Appointment_system\\public\\index.php')
CRITICAL - 2024-12-29 15:44:18 --> [Caused by] mysqli_sql_exception: Unknown column 'CASE WHEN periksa.id IS NOT NULL THEN "Sudah Diperiksa" ELSE "Belum Diperiksa" END' in 'field list'
in SYSTEMPATH\Database\MySQLi\Connection.php on line 312.
 1 SYSTEMPATH\Database\MySQLi\Connection.php(312): mysqli->query('SELECT `daftar_poli`.*, `poli`.`nama_poli`, `dokter`.`nama` AS `nama_dokter`, `jadwal_periksa`.`hari`, `jadwal_periksa`.`jam_mulai`, `jadwal_periksa`.`jam_selesai`, `CASE WHEN periksa`.`id IS NOT NULL THEN "Sudah Diperiksa" ELSE "Belum Diperiksa" END` AS `status_periksa`
FROM `daftar_poli`
LEFT JOIN `poli` ON `poli`.`id` = `daftar_poli`.`id_poli`
LEFT JOIN `jadwal_periksa` ON `jadwal_periksa`.`id` = `daftar_poli`.`id_jadwal`
LEFT JOIN `dokter` ON `dokter`.`id` = `jadwal_periksa`.`id_dokter`
LEFT JOIN `periksa` ON `periksa`.`id_daftar_poli` = `daftar_poli`.`id`
WHERE `daftar_poli`.`id_pasien` = \'1\'
ORDER BY `daftar_poli`.`created_at` DESC
 LIMIT 1', 0)
 2 SYSTEMPATH\Database\BaseConnection.php(734): CodeIgniter\Database\MySQLi\Connection->execute('SELECT `daftar_poli`.*, `poli`.`nama_poli`, `dokter`.`nama` AS `nama_dokter`, `jadwal_periksa`.`hari`, `jadwal_periksa`.`jam_mulai`, `jadwal_periksa`.`jam_selesai`, `CASE WHEN periksa`.`id IS NOT NULL THEN "Sudah Diperiksa" ELSE "Belum Diperiksa" END` AS `status_periksa`
FROM `daftar_poli`
LEFT JOIN `poli` ON `poli`.`id` = `daftar_poli`.`id_poli`
LEFT JOIN `jadwal_periksa` ON `jadwal_periksa`.`id` = `daftar_poli`.`id_jadwal`
LEFT JOIN `dokter` ON `dokter`.`id` = `jadwal_periksa`.`id_dokter`
LEFT JOIN `periksa` ON `periksa`.`id_daftar_poli` = `daftar_poli`.`id`
WHERE `daftar_poli`.`id_pasien` = \'1\'
ORDER BY `daftar_poli`.`created_at` DESC
 LIMIT 1')
 3 SYSTEMPATH\Database\BaseConnection.php(648): CodeIgniter\Database\BaseConnection->simpleQuery('SELECT `daftar_poli`.*, `poli`.`nama_poli`, `dokter`.`nama` AS `nama_dokter`, `jadwal_periksa`.`hari`, `jadwal_periksa`.`jam_mulai`, `jadwal_periksa`.`jam_selesai`, `CASE WHEN periksa`.`id IS NOT NULL THEN "Sudah Diperiksa" ELSE "Belum Diperiksa" END` AS `status_periksa`
FROM `daftar_poli`
LEFT JOIN `poli` ON `poli`.`id` = `daftar_poli`.`id_poli`
LEFT JOIN `jadwal_periksa` ON `jadwal_periksa`.`id` = `daftar_poli`.`id_jadwal`
LEFT JOIN `dokter` ON `dokter`.`id` = `jadwal_periksa`.`id_dokter`
LEFT JOIN `periksa` ON `periksa`.`id_daftar_poli` = `daftar_poli`.`id`
WHERE `daftar_poli`.`id_pasien` = \'1\'
ORDER BY `daftar_poli`.`created_at` DESC
 LIMIT 1')
 4 SYSTEMPATH\Database\BaseBuilder.php(1644): CodeIgniter\Database\BaseConnection->query('SELECT `daftar_poli`.*, `poli`.`nama_poli`, `dokter`.`nama` AS `nama_dokter`, `jadwal_periksa`.`hari`, `jadwal_periksa`.`jam_mulai`, `jadwal_periksa`.`jam_selesai`, `CASE WHEN periksa`.`id IS NOT NULL THEN "Sudah Diperiksa" ELSE "Belum Diperiksa" END` AS `status_periksa`
FROM `daftar_poli`
LEFT JOIN `poli` ON `poli`.`id` = `daftar_poli`.`id_poli`
LEFT JOIN `jadwal_periksa` ON `jadwal_periksa`.`id` = `daftar_poli`.`id_jadwal`
LEFT JOIN `dokter` ON `dokter`.`id` = `jadwal_periksa`.`id_dokter`
LEFT JOIN `periksa` ON `periksa`.`id_daftar_poli` = `daftar_poli`.`id`
WHERE `daftar_poli`.`id_pasien` = :daftar_poli.id_pasien:
ORDER BY `daftar_poli`.`created_at` DESC
 LIMIT 1', [...], false)
 5 SYSTEMPATH\Model.php(330): CodeIgniter\Database\BaseBuilder->get()
 6 SYSTEMPATH\BaseModel.php(714): CodeIgniter\Model->doFirst()
 7 APPPATH\Controllers\Home.php(103): CodeIgniter\BaseModel->first()
 8 SYSTEMPATH\CodeIgniter.php(933): App\Controllers\Home->dashboardPasien()
 9 SYSTEMPATH\CodeIgniter.php(509): CodeIgniter\CodeIgniter->runController(Object(App\Controllers\Home))
10 SYSTEMPATH\CodeIgniter.php(355): CodeIgniter\CodeIgniter->handleRequest(null, Object(Config\Cache), false)
11 SYSTEMPATH\Boot.php(325): CodeIgniter\CodeIgniter->run()
12 SYSTEMPATH\Boot.php(67): CodeIgniter\Boot::runCodeIgniter(Object(CodeIgniter\CodeIgniter))
13 FCPATH\index.php(56): CodeIgniter\Boot::bootWeb(Object(Config\Paths))
14 SYSTEMPATH\rewrite.php(44): require_once('C:\\Users\\fendy\\Documents\\GitHub\\Appointment_system\\public\\index.php')
INFO - 2024-12-29 15:56:14 --> Session: Class initialized using 'CodeIgniter\Session\Handlers\FileHandler' driver.
CRITICAL - 2024-12-29 15:56:14 --> ErrorException: Undefined array key "nama_pasien"
[Method: GET, Route: dashboard-pasien]
in APPPATH\Views\pages\dashboard-pasien.php on line 27.
 1 APPPATH\Views\pages\dashboard-pasien.php(27): CodeIgniter\Debug\Exceptions->errorHandler(2, 'Undefined array key "nama_pasien"', 'C:\\Users\\fendy\\Documents\\GitHub\\Appointment_system\\app\\Views\\pages\\dashboard-pasien.php', 27)
 2 SYSTEMPATH\View\View.php(234): include('C:\\Users\\fendy\\Documents\\GitHub\\Appointment_system\\app\\Views\\pages\\dashboard-pasien.php')
 3 SYSTEMPATH\View\View.php(237): CodeIgniter\View\View->CodeIgniter\View\{closure}()
 4 SYSTEMPATH\Common.php(1171): CodeIgniter\View\View->render('pages/dashboard-pasien', [], true)
 5 APPPATH\Controllers\Home.php(115): view('pages/dashboard-pasien', [...])
 6 SYSTEMPATH\CodeIgniter.php(933): App\Controllers\Home->dashboardPasien()
 7 SYSTEMPATH\CodeIgniter.php(509): CodeIgniter\CodeIgniter->runController(Object(App\Controllers\Home))
 8 SYSTEMPATH\CodeIgniter.php(355): CodeIgniter\CodeIgniter->handleRequest(null, Object(Config\Cache), false)
 9 SYSTEMPATH\Boot.php(325): CodeIgniter\CodeIgniter->run()
10 SYSTEMPATH\Boot.php(67): CodeIgniter\Boot::runCodeIgniter(Object(CodeIgniter\CodeIgniter))
11 FCPATH\index.php(56): CodeIgniter\Boot::bootWeb(Object(Config\Paths))
12 SYSTEMPATH\rewrite.php(44): require_once('C:\\Users\\fendy\\Documents\\GitHub\\Appointment_system\\public\\index.php')
INFO - 2024-12-29 15:59:00 --> Session: Class initialized using 'CodeIgniter\Session\Handlers\FileHandler' driver.
CRITICAL - 2024-12-29 15:59:00 --> ErrorException: Undefined array key "tanggal_periksa"
[Method: GET, Route: dashboard-pasien]
in APPPATH\Views\pages\dashboard-pasien.php on line 41.
 1 APPPATH\Views\pages\dashboard-pasien.php(41): CodeIgniter\Debug\Exceptions->errorHandler(2, 'Undefined array key "tanggal_periksa"', 'C:\\Users\\fendy\\Documents\\GitHub\\Appointment_system\\app\\Views\\pages\\dashboard-pasien.php', 41)
 2 SYSTEMPATH\View\View.php(234): include('C:\\Users\\fendy\\Documents\\GitHub\\Appointment_system\\app\\Views\\pages\\dashboard-pasien.php')
 3 SYSTEMPATH\View\View.php(237): CodeIgniter\View\View->CodeIgniter\View\{closure}()
 4 SYSTEMPATH\Common.php(1171): CodeIgniter\View\View->render('pages/dashboard-pasien', [], true)
 5 APPPATH\Controllers\Home.php(117): view('pages/dashboard-pasien', [...])
 6 SYSTEMPATH\CodeIgniter.php(933): App\Controllers\Home->dashboardPasien()
 7 SYSTEMPATH\CodeIgniter.php(509): CodeIgniter\CodeIgniter->runController(Object(App\Controllers\Home))
 8 SYSTEMPATH\CodeIgniter.php(355): CodeIgniter\CodeIgniter->handleRequest(null, Object(Config\Cache), false)
 9 SYSTEMPATH\Boot.php(325): CodeIgniter\CodeIgniter->run()
10 SYSTEMPATH\Boot.php(67): CodeIgniter\Boot::runCodeIgniter(Object(CodeIgniter\CodeIgniter))
11 FCPATH\index.php(56): CodeIgniter\Boot::bootWeb(Object(Config\Paths))
12 SYSTEMPATH\rewrite.php(44): require_once('C:\\Users\\fendy\\Documents\\GitHub\\Appointment_system\\public\\index.php')
INFO - 2024-12-29 15:59:01 --> Session: Class initialized using 'CodeIgniter\Session\Handlers\FileHandler' driver.
CRITICAL - 2024-12-29 15:59:01 --> ErrorException: Undefined array key "tanggal_periksa"
[Method: GET, Route: dashboard-pasien]
in APPPATH\Views\pages\dashboard-pasien.php on line 41.
 1 APPPATH\Views\pages\dashboard-pasien.php(41): CodeIgniter\Debug\Exceptions->errorHandler(2, 'Undefined array key "tanggal_periksa"', 'C:\\Users\\fendy\\Documents\\GitHub\\Appointment_system\\app\\Views\\pages\\dashboard-pasien.php', 41)
 2 SYSTEMPATH\View\View.php(234): include('C:\\Users\\fendy\\Documents\\GitHub\\Appointment_system\\app\\Views\\pages\\dashboard-pasien.php')
 3 SYSTEMPATH\View\View.php(237): CodeIgniter\View\View->CodeIgniter\View\{closure}()
 4 SYSTEMPATH\Common.php(1171): CodeIgniter\View\View->render('pages/dashboard-pasien', [], true)
 5 APPPATH\Controllers\Home.php(117): view('pages/dashboard-pasien', [...])
 6 SYSTEMPATH\CodeIgniter.php(933): App\Controllers\Home->dashboardPasien()
 7 SYSTEMPATH\CodeIgniter.php(509): CodeIgniter\CodeIgniter->runController(Object(App\Controllers\Home))
 8 SYSTEMPATH\CodeIgniter.php(355): CodeIgniter\CodeIgniter->handleRequest(null, Object(Config\Cache), false)
 9 SYSTEMPATH\Boot.php(325): CodeIgniter\CodeIgniter->run()
10 SYSTEMPATH\Boot.php(67): CodeIgniter\Boot::runCodeIgniter(Object(CodeIgniter\CodeIgniter))
11 FCPATH\index.php(56): CodeIgniter\Boot::bootWeb(Object(Config\Paths))
12 SYSTEMPATH\rewrite.php(44): require_once('C:\\Users\\fendy\\Documents\\GitHub\\Appointment_system\\public\\index.php')
INFO - 2024-12-29 19:21:11 --> Session: Class initialized using 'CodeIgniter\Session\Handlers\FileHandler' driver.
INFO - 2024-12-29 19:21:15 --> Session: Class initialized using 'CodeIgniter\Session\Handlers\FileHandler' driver.
INFO - 2024-12-29 19:21:21 --> Session: Class initialized using 'CodeIgniter\Session\Handlers\FileHandler' driver.
INFO - 2024-12-29 19:21:22 --> Session: Class initialized using 'CodeIgniter\Session\Handlers\FileHandler' driver.
INFO - 2024-12-29 19:24:17 --> Session: Class initialized using 'CodeIgniter\Session\Handlers\FileHandler' driver.
INFO - 2024-12-29 19:24:23 --> Session: Class initialized using 'CodeIgniter\Session\Handlers\FileHandler' driver.
INFO - 2024-12-29 19:33:03 --> Session: Class initialized using 'CodeIgniter\Session\Handlers\FileHandler' driver.
INFO - 2024-12-29 19:33:06 --> Session: Class initialized using 'CodeIgniter\Session\Handlers\FileHandler' driver.
INFO - 2024-12-29 19:33:08 --> Session: Class initialized using 'CodeIgniter\Session\Handlers\FileHandler' driver.
INFO - 2024-12-29 19:33:09 --> Session: Class initialized using 'CodeIgniter\Session\Handlers\FileHandler' driver.
INFO - 2024-12-29 19:34:26 --> Session: Class initialized using 'CodeIgniter\Session\Handlers\FileHandler' driver.
INFO - 2024-12-29 19:34:27 --> Session: Class initialized using 'CodeIgniter\Session\Handlers\FileHandler' driver.
INFO - 2024-12-29 19:34:31 --> Session: Class initialized using 'CodeIgniter\Session\Handlers\FileHandler' driver.
INFO - 2024-12-29 19:34:32 --> Session: Class initialized using 'CodeIgniter\Session\Handlers\FileHandler' driver.
INFO - 2024-12-29 19:34:35 --> Session: Class initialized using 'CodeIgniter\Session\Handlers\FileHandler' driver.
INFO - 2024-12-29 19:47:12 --> Session: Class initialized using 'CodeIgniter\Session\Handlers\FileHandler' driver.
INFO - 2024-12-29 19:47:15 --> Session: Class initialized using 'CodeIgniter\Session\Handlers\FileHandler' driver.
INFO - 2024-12-29 19:47:21 --> Session: Class initialized using 'CodeIgniter\Session\Handlers\FileHandler' driver.
INFO - 2024-12-29 19:47:26 --> Session: Class initialized using 'CodeIgniter\Session\Handlers\FileHandler' driver.
INFO - 2024-12-29 19:50:19 --> Session: Class initialized using 'CodeIgniter\Session\Handlers\FileHandler' driver.
INFO - 2024-12-29 19:51:14 --> Session: Class initialized using 'CodeIgniter\Session\Handlers\FileHandler' driver.
INFO - 2024-12-29 19:51:21 --> Session: Class initialized using 'CodeIgniter\Session\Handlers\FileHandler' driver.
INFO - 2024-12-29 20:05:08 --> Session: Class initialized using 'CodeIgniter\Session\Handlers\FileHandler' driver.
INFO - 2024-12-29 20:16:30 --> Session: Class initialized using 'CodeIgniter\Session\Handlers\FileHandler' driver.
INFO - 2024-12-29 20:20:11 --> Session: Class initialized using 'CodeIgniter\Session\Handlers\FileHandler' driver.
INFO - 2024-12-29 20:23:33 --> Session: Class initialized using 'CodeIgniter\Session\Handlers\FileHandler' driver.
INFO - 2024-12-29 20:23:36 --> Session: Class initialized using 'CodeIgniter\Session\Handlers\FileHandler' driver.
INFO - 2024-12-29 20:23:58 --> Session: Class initialized using 'CodeIgniter\Session\Handlers\FileHandler' driver.
CRITICAL - 2024-12-29 20:23:58 --> ErrorException: Undefined array key "tanggal_periksa"
[Method: GET, Route: dashboard-pasien]
in APPPATH\Views\pages\dashboard-pasien.php on line 41.
 1 APPPATH\Views\pages\dashboard-pasien.php(41): CodeIgniter\Debug\Exceptions->errorHandler(2, 'Undefined array key "tanggal_periksa"', 'C:\\Users\\fendy\\Documents\\GitHub\\Appointment_system\\app\\Views\\pages\\dashboard-pasien.php', 41)
 2 SYSTEMPATH\View\View.php(234): include('C:\\Users\\fendy\\Documents\\GitHub\\Appointment_system\\app\\Views\\pages\\dashboard-pasien.php')
 3 SYSTEMPATH\View\View.php(237): CodeIgniter\View\View->CodeIgniter\View\{closure}()
 4 SYSTEMPATH\Common.php(1171): CodeIgniter\View\View->render('pages/dashboard-pasien', [], true)
 5 APPPATH\Controllers\Home.php(117): view('pages/dashboard-pasien', [...])
 6 SYSTEMPATH\CodeIgniter.php(933): App\Controllers\Home->dashboardPasien()
 7 SYSTEMPATH\CodeIgniter.php(509): CodeIgniter\CodeIgniter->runController(Object(App\Controllers\Home))
 8 SYSTEMPATH\CodeIgniter.php(355): CodeIgniter\CodeIgniter->handleRequest(null, Object(Config\Cache), false)
 9 SYSTEMPATH\Boot.php(325): CodeIgniter\CodeIgniter->run()
10 SYSTEMPATH\Boot.php(67): CodeIgniter\Boot::runCodeIgniter(Object(CodeIgniter\CodeIgniter))
11 FCPATH\index.php(56): CodeIgniter\Boot::bootWeb(Object(Config\Paths))
12 SYSTEMPATH\rewrite.php(44): require_once('C:\\Users\\fendy\\Documents\\GitHub\\Appointment_system\\public\\index.php')
INFO - 2024-12-29 20:24:12 --> Session: Class initialized using 'CodeIgniter\Session\Handlers\FileHandler' driver.
INFO - 2024-12-29 20:24:29 --> Session: Class initialized using 'CodeIgniter\Session\Handlers\FileHandler' driver.
INFO - 2024-12-29 20:24:32 --> Session: Class initialized using 'CodeIgniter\Session\Handlers\FileHandler' driver.
INFO - 2024-12-29 20:26:02 --> Session: Class initialized using 'CodeIgniter\Session\Handlers\FileHandler' driver.
INFO - 2024-12-29 20:26:42 --> Session: Class initialized using 'CodeIgniter\Session\Handlers\FileHandler' driver.
INFO - 2024-12-29 20:26:45 --> Session: Class initialized using 'CodeIgniter\Session\Handlers\FileHandler' driver.
INFO - 2024-12-29 20:26:54 --> Session: Class initialized using 'CodeIgniter\Session\Handlers\FileHandler' driver.
INFO - 2024-12-29 20:26:54 --> Session: Class initialized using 'CodeIgniter\Session\Handlers\FileHandler' driver.
INFO - 2024-12-29 20:26:58 --> Session: Class initialized using 'CodeIgniter\Session\Handlers\FileHandler' driver.
INFO - 2024-12-29 20:27:09 --> Session: Class initialized using 'CodeIgniter\Session\Handlers\FileHandler' driver.
INFO - 2024-12-29 20:27:13 --> Session: Class initialized using 'CodeIgniter\Session\Handlers\FileHandler' driver.
INFO - 2024-12-29 20:27:18 --> Session: Class initialized using 'CodeIgniter\Session\Handlers\FileHandler' driver.
INFO - 2024-12-29 20:28:38 --> Session: Class initialized using 'CodeIgniter\Session\Handlers\FileHandler' driver.
INFO - 2024-12-29 20:28:38 --> Session: Class initialized using 'CodeIgniter\Session\Handlers\FileHandler' driver.
INFO - 2024-12-29 20:28:39 --> Session: Class initialized using 'CodeIgniter\Session\Handlers\FileHandler' driver.
INFO - 2024-12-29 20:28:41 --> Session: Class initialized using 'CodeIgniter\Session\Handlers\FileHandler' driver.
INFO - 2024-12-29 20:29:05 --> Session: Class initialized using 'CodeIgniter\Session\Handlers\FileHandler' driver.
INFO - 2024-12-29 20:29:07 --> Session: Class initialized using 'CodeIgniter\Session\Handlers\FileHandler' driver.
INFO - 2024-12-29 20:29:09 --> Session: Class initialized using 'CodeIgniter\Session\Handlers\FileHandler' driver.
INFO - 2024-12-29 20:29:10 --> Session: Class initialized using 'CodeIgniter\Session\Handlers\FileHandler' driver.
INFO - 2024-12-29 20:29:14 --> Session: Class initialized using 'CodeIgniter\Session\Handlers\FileHandler' driver.
INFO - 2024-12-29 20:29:16 --> Session: Class initialized using 'CodeIgniter\Session\Handlers\FileHandler' driver.
INFO - 2024-12-29 20:29:20 --> Session: Class initialized using 'CodeIgniter\Session\Handlers\FileHandler' driver.
INFO - 2024-12-29 20:29:25 --> Session: Class initialized using 'CodeIgniter\Session\Handlers\FileHandler' driver.
INFO - 2024-12-29 20:29:32 --> Session: Class initialized using 'CodeIgniter\Session\Handlers\FileHandler' driver.
INFO - 2024-12-29 20:29:34 --> Session: Class initialized using 'CodeIgniter\Session\Handlers\FileHandler' driver.
INFO - 2024-12-29 20:29:36 --> Session: Class initialized using 'CodeIgniter\Session\Handlers\FileHandler' driver.
INFO - 2024-12-29 20:29:39 --> Session: Class initialized using 'CodeIgniter\Session\Handlers\FileHandler' driver.
INFO - 2024-12-29 20:30:07 --> Session: Class initialized using 'CodeIgniter\Session\Handlers\FileHandler' driver.
INFO - 2024-12-29 20:30:51 --> Session: Class initialized using 'CodeIgniter\Session\Handlers\FileHandler' driver.
INFO - 2024-12-29 20:30:55 --> Session: Class initialized using 'CodeIgniter\Session\Handlers\FileHandler' driver.
INFO - 2024-12-29 20:30:59 --> Session: Class initialized using 'CodeIgniter\Session\Handlers\FileHandler' driver.
INFO - 2024-12-29 20:31:01 --> Session: Class initialized using 'CodeIgniter\Session\Handlers\FileHandler' driver.
INFO - 2024-12-29 20:31:03 --> Session: Class initialized using 'CodeIgniter\Session\Handlers\FileHandler' driver.
INFO - 2024-12-29 20:31:05 --> Session: Class initialized using 'CodeIgniter\Session\Handlers\FileHandler' driver.
INFO - 2024-12-29 20:36:01 --> Session: Class initialized using 'CodeIgniter\Session\Handlers\FileHandler' driver.
INFO - 2024-12-29 20:36:05 --> Session: Class initialized using 'CodeIgniter\Session\Handlers\FileHandler' driver.
INFO - 2024-12-29 20:36:08 --> Session: Class initialized using 'CodeIgniter\Session\Handlers\FileHandler' driver.
INFO - 2024-12-29 20:36:13 --> Session: Class initialized using 'CodeIgniter\Session\Handlers\FileHandler' driver.
INFO - 2024-12-29 20:36:19 --> Session: Class initialized using 'CodeIgniter\Session\Handlers\FileHandler' driver.
INFO - 2024-12-29 20:36:23 --> Session: Class initialized using 'CodeIgniter\Session\Handlers\FileHandler' driver.
INFO - 2024-12-29 20:41:20 --> Session: Class initialized using 'CodeIgniter\Session\Handlers\FileHandler' driver.
INFO - 2024-12-29 20:44:38 --> Session: Class initialized using 'CodeIgniter\Session\Handlers\FileHandler' driver.
INFO - 2024-12-29 20:44:40 --> Session: Class initialized using 'CodeIgniter\Session\Handlers\FileHandler' driver.
INFO - 2024-12-29 20:45:26 --> Session: Class initialized using 'CodeIgniter\Session\Handlers\FileHandler' driver.
INFO - 2024-12-29 20:45:28 --> Session: Class initialized using 'CodeIgniter\Session\Handlers\FileHandler' driver.
INFO - 2024-12-29 20:45:30 --> Session: Class initialized using 'CodeIgniter\Session\Handlers\FileHandler' driver.
INFO - 2024-12-29 20:45:32 --> Session: Class initialized using 'CodeIgniter\Session\Handlers\FileHandler' driver.
INFO - 2024-12-29 20:45:34 --> Session: Class initialized using 'CodeIgniter\Session\Handlers\FileHandler' driver.
INFO - 2024-12-29 20:45:37 --> Session: Class initialized using 'CodeIgniter\Session\Handlers\FileHandler' driver.
INFO - 2024-12-29 20:45:39 --> Session: Class initialized using 'CodeIgniter\Session\Handlers\FileHandler' driver.
INFO - 2024-12-29 20:45:41 --> Session: Class initialized using 'CodeIgniter\Session\Handlers\FileHandler' driver.
INFO - 2024-12-29 20:49:50 --> Session: Class initialized using 'CodeIgniter\Session\Handlers\FileHandler' driver.
INFO - 2024-12-29 20:49:55 --> Session: Class initialized using 'CodeIgniter\Session\Handlers\FileHandler' driver.
INFO - 2024-12-29 20:49:57 --> Session: Class initialized using 'CodeIgniter\Session\Handlers\FileHandler' driver.
INFO - 2024-12-29 20:50:17 --> Session: Class initialized using 'CodeIgniter\Session\Handlers\FileHandler' driver.
INFO - 2024-12-29 20:51:08 --> Session: Class initialized using 'CodeIgniter\Session\Handlers\FileHandler' driver.
INFO - 2024-12-29 20:51:18 --> Session: Class initialized using 'CodeIgniter\Session\Handlers\FileHandler' driver.
INFO - 2024-12-29 20:51:32 --> Session: Class initialized using 'CodeIgniter\Session\Handlers\FileHandler' driver.
INFO - 2024-12-29 20:51:41 --> Session: Class initialized using 'CodeIgniter\Session\Handlers\FileHandler' driver.
INFO - 2024-12-29 20:52:14 --> Session: Class initialized using 'CodeIgniter\Session\Handlers\FileHandler' driver.
INFO - 2024-12-29 20:52:34 --> Session: Class initialized using 'CodeIgniter\Session\Handlers\FileHandler' driver.
INFO - 2024-12-29 20:52:45 --> Session: Class initialized using 'CodeIgniter\Session\Handlers\FileHandler' driver.
INFO - 2024-12-29 20:52:56 --> Session: Class initialized using 'CodeIgniter\Session\Handlers\FileHandler' driver.
INFO - 2024-12-29 20:53:03 --> Session: Class initialized using 'CodeIgniter\Session\Handlers\FileHandler' driver.
INFO - 2024-12-29 20:55:19 --> Session: Class initialized using 'CodeIgniter\Session\Handlers\FileHandler' driver.
INFO - 2024-12-29 20:55:22 --> Session: Class initialized using 'CodeIgniter\Session\Handlers\FileHandler' driver.
INFO - 2024-12-29 20:55:25 --> Session: Class initialized using 'CodeIgniter\Session\Handlers\FileHandler' driver.
INFO - 2024-12-29 20:55:27 --> Session: Class initialized using 'CodeIgniter\Session\Handlers\FileHandler' driver.
INFO - 2024-12-29 20:55:30 --> Session: Class initialized using 'CodeIgniter\Session\Handlers\FileHandler' driver.
INFO - 2024-12-29 20:55:32 --> Session: Class initialized using 'CodeIgniter\Session\Handlers\FileHandler' driver.
INFO - 2024-12-29 20:57:07 --> Session: Class initialized using 'CodeIgniter\Session\Handlers\FileHandler' driver.
INFO - 2024-12-29 20:57:10 --> Session: Class initialized using 'CodeIgniter\Session\Handlers\FileHandler' driver.
INFO - 2024-12-29 21:02:21 --> Session: Class initialized using 'CodeIgniter\Session\Handlers\FileHandler' driver.
INFO - 2024-12-29 21:02:27 --> Session: Class initialized using 'CodeIgniter\Session\Handlers\FileHandler' driver.
INFO - 2024-12-29 21:02:30 --> Session: Class initialized using 'CodeIgniter\Session\Handlers\FileHandler' driver.
INFO - 2024-12-29 21:02:32 --> Session: Class initialized using 'CodeIgniter\Session\Handlers\FileHandler' driver.
INFO - 2024-12-29 21:02:35 --> Session: Class initialized using 'CodeIgniter\Session\Handlers\FileHandler' driver.
INFO - 2024-12-29 21:02:37 --> Session: Class initialized using 'CodeIgniter\Session\Handlers\FileHandler' driver.
INFO - 2024-12-29 21:02:39 --> Session: Class initialized using 'CodeIgniter\Session\Handlers\FileHandler' driver.
INFO - 2024-12-29 21:02:41 --> Session: Class initialized using 'CodeIgniter\Session\Handlers\FileHandler' driver.
INFO - 2024-12-29 21:02:44 --> Session: Class initialized using 'CodeIgniter\Session\Handlers\FileHandler' driver.
INFO - 2024-12-29 21:02:45 --> Session: Class initialized using 'CodeIgniter\Session\Handlers\FileHandler' driver.
INFO - 2024-12-29 21:02:47 --> Session: Class initialized using 'CodeIgniter\Session\Handlers\FileHandler' driver.
INFO - 2024-12-29 21:02:51 --> Session: Class initialized using 'CodeIgniter\Session\Handlers\FileHandler' driver.
INFO - 2024-12-29 21:02:53 --> Session: Class initialized using 'CodeIgniter\Session\Handlers\FileHandler' driver.
INFO - 2024-12-29 21:03:00 --> Session: Class initialized using 'CodeIgniter\Session\Handlers\FileHandler' driver.
INFO - 2024-12-29 21:03:01 --> Session: Class initialized using 'CodeIgniter\Session\Handlers\FileHandler' driver.
INFO - 2024-12-29 21:03:06 --> Session: Class initialized using 'CodeIgniter\Session\Handlers\FileHandler' driver.
INFO - 2024-12-29 21:03:08 --> Session: Class initialized using 'CodeIgniter\Session\Handlers\FileHandler' driver.
INFO - 2024-12-29 21:03:10 --> Session: Class initialized using 'CodeIgniter\Session\Handlers\FileHandler' driver.
INFO - 2024-12-29 21:03:15 --> Session: Class initialized using 'CodeIgniter\Session\Handlers\FileHandler' driver.
INFO - 2024-12-29 21:03:19 --> Session: Class initialized using 'CodeIgniter\Session\Handlers\FileHandler' driver.
INFO - 2024-12-29 21:03:29 --> Session: Class initialized using 'CodeIgniter\Session\Handlers\FileHandler' driver.
INFO - 2024-12-29 21:03:30 --> Session: Class initialized using 'CodeIgniter\Session\Handlers\FileHandler' driver.
INFO - 2024-12-29 21:03:35 --> Session: Class initialized using 'CodeIgniter\Session\Handlers\FileHandler' driver.
INFO - 2024-12-29 21:03:42 --> Session: Class initialized using 'CodeIgniter\Session\Handlers\FileHandler' driver.
INFO - 2024-12-29 21:03:43 --> Session: Class initialized using 'CodeIgniter\Session\Handlers\FileHandler' driver.
INFO - 2024-12-29 21:03:49 --> Session: Class initialized using 'CodeIgniter\Session\Handlers\FileHandler' driver.
INFO - 2024-12-29 21:03:50 --> Session: Class initialized using 'CodeIgniter\Session\Handlers\FileHandler' driver.
INFO - 2024-12-29 21:03:54 --> Session: Class initialized using 'CodeIgniter\Session\Handlers\FileHandler' driver.
INFO - 2024-12-29 21:03:55 --> Session: Class initialized using 'CodeIgniter\Session\Handlers\FileHandler' driver.
INFO - 2024-12-29 21:03:57 --> Session: Class initialized using 'CodeIgniter\Session\Handlers\FileHandler' driver.
INFO - 2024-12-29 21:03:59 --> Session: Class initialized using 'CodeIgniter\Session\Handlers\FileHandler' driver.
INFO - 2024-12-29 21:04:01 --> Session: Class initialized using 'CodeIgniter\Session\Handlers\FileHandler' driver.
INFO - 2024-12-29 21:04:03 --> Session: Class initialized using 'CodeIgniter\Session\Handlers\FileHandler' driver.
INFO - 2024-12-29 21:04:04 --> Session: Class initialized using 'CodeIgniter\Session\Handlers\FileHandler' driver.
INFO - 2024-12-29 21:04:13 --> Session: Class initialized using 'CodeIgniter\Session\Handlers\FileHandler' driver.
INFO - 2024-12-29 21:04:18 --> Session: Class initialized using 'CodeIgniter\Session\Handlers\FileHandler' driver.
INFO - 2024-12-29 21:04:21 --> Session: Class initialized using 'CodeIgniter\Session\Handlers\FileHandler' driver.
